{"/home/travis/build/npmtest/node-npmtest-google-calendar/test.js":{"path":"/home/travis/build/npmtest/node-npmtest-google-calendar/test.js","s":{"1":2,"2":2,"3":2,"4":2,"5":2,"6":2,"7":2,"8":1,"9":2,"10":2,"11":1,"12":1,"13":1,"14":1,"15":2,"16":2,"17":2,"18":2,"19":1,"20":1,"21":2,"22":2,"23":2,"24":1,"25":1,"26":1,"27":1,"28":1,"29":1,"30":1,"31":1,"32":1,"33":1,"34":1,"35":1,"36":1,"37":2,"38":2,"39":1,"40":2,"41":2,"42":1,"43":2,"44":2,"45":1,"46":2,"47":2,"48":1,"49":1,"50":1,"51":1,"52":1},"b":{"1":[2,1,1,1],"2":[1,1,1,1],"3":[1,1],"4":[1,1],"5":[1,1],"6":[1,1],"7":[1,1],"8":[1,1],"9":[1,1,1],"10":[1,1],"11":[1,1],"12":[1,1],"13":[1,1],"14":[1,1],"15":[1,1],"16":[1,1]},"f":{"1":2,"2":2,"3":2,"4":2,"5":2,"6":1,"7":1,"8":2,"9":2,"10":2,"11":2,"12":1},"fnMap":{"1":{"name":"(anonymous_1)","line":12,"loc":{"start":{"line":12,"column":1},"end":{"line":12,"column":13}}},"2":{"name":"(anonymous_2)","line":19,"loc":{"start":{"line":19,"column":5},"end":{"line":19,"column":17}}},"3":{"name":"(anonymous_3)","line":23,"loc":{"start":{"line":23,"column":24},"end":{"line":23,"column":36}}},"4":{"name":"(anonymous_4)","line":61,"loc":{"start":{"line":61,"column":5},"end":{"line":61,"column":17}}},"5":{"name":"(anonymous_5)","line":82,"loc":{"start":{"line":82,"column":5},"end":{"line":82,"column":17}}},"6":{"name":"(anonymous_6)","line":102,"loc":{"start":{"line":102,"column":83},"end":{"line":105,"column":10}},"skip":true},"7":{"name":"(anonymous_7)","line":113,"loc":{"start":{"line":113,"column":77},"end":{"line":116,"column":10}},"skip":true},"8":{"name":"(anonymous_8)","line":129,"loc":{"start":{"line":129,"column":12},"end":{"line":129,"column":40}},"skip":true},"9":{"name":"(anonymous_9)","line":137,"loc":{"start":{"line":137,"column":77},"end":{"line":140,"column":10}},"skip":true},"10":{"name":"(anonymous_10)","line":148,"loc":{"start":{"line":148,"column":83},"end":{"line":151,"column":10}},"skip":true},"11":{"name":"(anonymous_11)","line":159,"loc":{"start":{"line":159,"column":79},"end":{"line":162,"column":10}},"skip":true},"12":{"name":"(anonymous_12)","line":170,"loc":{"start":{"line":170,"column":75},"end":{"line":173,"column":10}},"skip":true}},"statementMap":{"1":{"start":{"line":12,"column":0},"end":{"line":185,"column":5}},"2":{"start":{"line":14,"column":4},"end":{"line":14,"column":14}},"3":{"start":{"line":19,"column":4},"end":{"line":56,"column":9}},"4":{"start":{"line":21,"column":8},"end":{"line":21,"column":19}},"5":{"start":{"line":23,"column":8},"end":{"line":35,"column":13}},"6":{"start":{"line":24,"column":12},"end":{"line":34,"column":13}},"7":{"start":{"line":25,"column":16},"end":{"line":28,"column":30}},"8":{"start":{"line":30,"column":16},"end":{"line":33,"column":27}},"9":{"start":{"line":37,"column":8},"end":{"line":39,"column":21}},"10":{"start":{"line":40,"column":8},"end":{"line":53,"column":9}},"11":{"start":{"line":43,"column":12},"end":{"line":46,"column":14}},"12":{"start":{"line":47,"column":12},"end":{"line":47,"column":18}},"13":{"start":{"line":50,"column":12},"end":{"line":51,"column":46}},"14":{"start":{"line":52,"column":12},"end":{"line":52,"column":18}},"15":{"start":{"line":55,"column":8},"end":{"line":55,"column":35}},"16":{"start":{"line":61,"column":4},"end":{"line":63,"column":9}},"17":{"start":{"line":62,"column":8},"end":{"line":62,"column":15}},"18":{"start":{"line":64,"column":4},"end":{"line":77,"column":5}},"19":{"start":{"line":70,"column":8},"end":{"line":70,"column":14}},"20":{"start":{"line":76,"column":8},"end":{"line":76,"column":14}},"21":{"start":{"line":82,"column":4},"end":{"line":84,"column":9}},"22":{"start":{"line":83,"column":8},"end":{"line":83,"column":15}},"23":{"start":{"line":85,"column":4},"end":{"line":184,"column":5}},"24":{"start":{"line":92,"column":8},"end":{"line":94,"column":63}},"25":{"start":{"line":95,"column":8},"end":{"line":95,"column":14}},"26":{"start":{"line":102,"column":8},"end":{"line":111,"column":10},"skip":true},"27":{"start":{"line":109,"column":12},"end":{"line":109,"column":55},"skip":true},"28":{"start":{"line":110,"column":12},"end":{"line":110,"column":48},"skip":true},"29":{"start":{"line":113,"column":8},"end":{"line":126,"column":10},"skip":true},"30":{"start":{"line":120,"column":12},"end":{"line":120,"column":76},"skip":true},"31":{"start":{"line":121,"column":12},"end":{"line":121,"column":73},"skip":true},"32":{"start":{"line":122,"column":12},"end":{"line":122,"column":74},"skip":true},"33":{"start":{"line":123,"column":12},"end":{"line":123,"column":79},"skip":true},"34":{"start":{"line":124,"column":12},"end":{"line":124,"column":25},"skip":true},"35":{"start":{"line":125,"column":12},"end":{"line":125,"column":45},"skip":true},"36":{"start":{"line":128,"column":8},"end":{"line":135,"column":14},"skip":true},"37":{"start":{"line":133,"column":16},"end":{"line":133,"column":29},"skip":true},"38":{"start":{"line":134,"column":16},"end":{"line":134,"column":55},"skip":true},"39":{"start":{"line":137,"column":8},"end":{"line":146,"column":10},"skip":true},"40":{"start":{"line":144,"column":12},"end":{"line":144,"column":25},"skip":true},"41":{"start":{"line":145,"column":12},"end":{"line":145,"column":45},"skip":true},"42":{"start":{"line":148,"column":8},"end":{"line":157,"column":10},"skip":true},"43":{"start":{"line":155,"column":12},"end":{"line":155,"column":25},"skip":true},"44":{"start":{"line":156,"column":12},"end":{"line":156,"column":48},"skip":true},"45":{"start":{"line":159,"column":8},"end":{"line":168,"column":10},"skip":true},"46":{"start":{"line":166,"column":12},"end":{"line":166,"column":25},"skip":true},"47":{"start":{"line":167,"column":12},"end":{"line":167,"column":46},"skip":true},"48":{"start":{"line":170,"column":8},"end":{"line":179,"column":10},"skip":true},"49":{"start":{"line":177,"column":12},"end":{"line":177,"column":94},"skip":true},"50":{"start":{"line":178,"column":12},"end":{"line":178,"column":48},"skip":true},"51":{"start":{"line":182,"column":8},"end":{"line":182,"column":35},"skip":true},"52":{"start":{"line":183,"column":8},"end":{"line":183,"column":14},"skip":true}},"branchMap":{"1":{"line":25,"type":"binary-expr","locations":[{"start":{"line":25,"column":23},"end":{"line":25,"column":62}},{"start":{"line":26,"column":20},"end":{"line":26,"column":70}},{"start":{"line":27,"column":20},"end":{"line":27,"column":71}},{"start":{"line":28,"column":20},"end":{"line":28,"column":29}}]},"2":{"line":30,"type":"binary-expr","locations":[{"start":{"line":30,"column":23},"end":{"line":30,"column":37}},{"start":{"line":31,"column":20},"end":{"line":31,"column":61}},{"start":{"line":32,"column":20},"end":{"line":32,"column":70}},{"start":{"line":33,"column":20},"end":{"line":33,"column":26}}]},"3":{"line":37,"type":"cond-expr","locations":[{"start":{"line":38,"column":14},"end":{"line":38,"column":20}},{"start":{"line":39,"column":14},"end":{"line":39,"column":20}}]},"4":{"line":40,"type":"switch","locations":[{"start":{"line":42,"column":8},"end":{"line":47,"column":18}},{"start":{"line":49,"column":8},"end":{"line":52,"column":18}}]},"5":{"line":44,"type":"binary-expr","locations":[{"start":{"line":44,"column":16},"end":{"line":44,"column":44}},{"start":{"line":44,"column":48},"end":{"line":44,"column":66}}]},"6":{"line":50,"type":"binary-expr","locations":[{"start":{"line":50,"column":21},"end":{"line":50,"column":49}},{"start":{"line":50,"column":53},"end":{"line":50,"column":72}}]},"7":{"line":64,"type":"switch","locations":[{"start":{"line":69,"column":4},"end":{"line":70,"column":14}},{"start":{"line":75,"column":4},"end":{"line":76,"column":14}}]},"8":{"line":85,"type":"switch","locations":[{"start":{"line":90,"column":4},"end":{"line":95,"column":14}},{"start":{"line":101,"column":4},"end":{"line":183,"column":14},"skip":true}]},"9":{"line":92,"type":"binary-expr","locations":[{"start":{"line":92,"column":18},"end":{"line":92,"column":32}},{"start":{"line":93,"column":12},"end":{"line":93,"column":53}},{"start":{"line":94,"column":12},"end":{"line":94,"column":61}}]},"10":{"line":102,"type":"binary-expr","locations":[{"start":{"line":102,"column":45},"end":{"line":102,"column":79},"skip":true},{"start":{"line":102,"column":83},"end":{"line":111,"column":9},"skip":true}]},"11":{"line":113,"type":"binary-expr","locations":[{"start":{"line":113,"column":42},"end":{"line":113,"column":73},"skip":true},{"start":{"line":113,"column":77},"end":{"line":126,"column":9},"skip":true}]},"12":{"line":128,"type":"binary-expr","locations":[{"start":{"line":128,"column":48},"end":{"line":128,"column":85},"skip":true},{"start":{"line":129,"column":12},"end":{"line":135,"column":13},"skip":true}]},"13":{"line":137,"type":"binary-expr","locations":[{"start":{"line":137,"column":42},"end":{"line":137,"column":73},"skip":true},{"start":{"line":137,"column":77},"end":{"line":146,"column":9},"skip":true}]},"14":{"line":148,"type":"binary-expr","locations":[{"start":{"line":148,"column":45},"end":{"line":148,"column":79},"skip":true},{"start":{"line":148,"column":83},"end":{"line":157,"column":9},"skip":true}]},"15":{"line":159,"type":"binary-expr","locations":[{"start":{"line":159,"column":43},"end":{"line":159,"column":75},"skip":true},{"start":{"line":159,"column":79},"end":{"line":168,"column":9},"skip":true}]},"16":{"line":170,"type":"binary-expr","locations":[{"start":{"line":170,"column":41},"end":{"line":170,"column":71},"skip":true},{"start":{"line":170,"column":75},"end":{"line":179,"column":9},"skip":true}]}},"code":["/* istanbul instrument in package npmtest_google_calendar */","/*jslint","    bitwise: true,","    browser: true,","    maxerr: 8,","    maxlen: 96,","    node: true,","    nomen: true,","    regexp: true,","    stupid: true","*/","(function () {","    'use strict';","    var local;","","","","    // run shared js-env code - pre-init","    (function () {","        // init local","        local = {};","        // init modeJs","        local.modeJs = (function () {","            try {","                return typeof navigator.userAgent === 'string' &&","                    typeof document.querySelector('body') === 'object' &&","                    typeof XMLHttpRequest.prototype.open === 'function' &&","                    'browser';","            } catch (errorCaughtBrowser) {","                return module.exports &&","                    typeof process.versions.node === 'string' &&","                    typeof require('http').createServer === 'function' &&","                    'node';","            }","        }());","        // init global","        local.global = local.modeJs === 'browser'","            ? window","            : global;","        switch (local.modeJs) {","        // re-init local from window.local","        case 'browser':","            local = local.global.utility2.objectSetDefault(","                local.global.utility2_rollup || local.global.local,","                local.global.utility2","            );","            break;","        // re-init local from example.js","        case 'node':","            local = (local.global.utility2_rollup || require('utility2'))","                .requireExampleJsFromReadme();","            break;","        }","        // export local","        local.global.local = local;","    }());","","","","    // run shared js-env code - function","    (function () {","        return;","    }());","    switch (local.modeJs) {","","","","    // run browser js-env code - function","    case 'browser':","        break;","","","","    // run node js-env code - function","    case 'node':","        break;","    }","","","","    // run shared js-env code - post-init","    (function () {","        return;","    }());","    switch (local.modeJs) {","","","","    // run browser js-env code - post-init","    case 'browser':","        // run tests","        local.nop(local.modeTest &&","            document.querySelector('#testRunButton1') &&","            document.querySelector('#testRunButton1').click());","        break;","","","","    // run node js-env code - post-init","    /* istanbul ignore next */","    case 'node':","        local.testCase_buildApidoc_default = local.testCase_buildApidoc_default || function (","            options,","            onError","        ) {","        /*","         * this function will test buildApidoc's default handling-behavior-behavior","         */","            options = { modulePathList: module.paths };","            local.buildApidoc(options, onError);","        };","","        local.testCase_buildApp_default = local.testCase_buildApp_default || function (","            options,","            onError","        ) {","        /*","         * this function will test buildApp's default handling-behavior-behavior","         */","            local.testCase_buildReadme_default(options, local.onErrorThrow);","            local.testCase_buildLib_default(options, local.onErrorThrow);","            local.testCase_buildTest_default(options, local.onErrorThrow);","            local.testCase_buildCustomOrg_default(options, local.onErrorThrow);","            options = [];","            local.buildApp(options, onError);","        };","","        local.testCase_buildCustomOrg_default = local.testCase_buildCustomOrg_default ||","            function (options, onError) {","            /*","             * this function will test buildCustomOrg's default handling-behavior","             */","                options = {};","                local.buildCustomOrg(options, onError);","            };","","        local.testCase_buildLib_default = local.testCase_buildLib_default || function (","            options,","            onError","        ) {","        /*","         * this function will test buildLib's default handling-behavior","         */","            options = {};","            local.buildLib(options, onError);","        };","","        local.testCase_buildReadme_default = local.testCase_buildReadme_default || function (","            options,","            onError","        ) {","        /*","         * this function will test buildReadme's default handling-behavior-behavior","         */","            options = {};","            local.buildReadme(options, onError);","        };","","        local.testCase_buildTest_default = local.testCase_buildTest_default || function (","            options,","            onError","        ) {","        /*","         * this function will test buildTest's default handling-behavior","         */","            options = {};","            local.buildTest(options, onError);","        };","","        local.testCase_webpage_default = local.testCase_webpage_default || function (","            options,","            onError","        ) {","        /*","         * this function will test webpage's default handling-behavior","         */","            options = { modeCoverageMerge: true, url: local.serverLocalHost + '?modeTest=1' };","            local.browserTest(options, onError);","        };","","        // run test-server","        local.testRunServer(local);","        break;","    }","}());",""],"l":{"12":2,"14":2,"19":2,"21":2,"23":2,"24":2,"25":2,"30":1,"37":2,"40":2,"43":1,"47":1,"50":1,"52":1,"55":2,"61":2,"62":2,"64":2,"70":1,"76":1,"82":2,"83":2,"85":2,"92":1,"95":1,"102":1,"109":1,"110":1,"113":1,"120":1,"121":1,"122":1,"123":1,"124":1,"125":1,"128":1,"133":2,"134":2,"137":1,"144":2,"145":2,"148":1,"155":2,"156":2,"159":1,"166":2,"167":2,"170":1,"177":1,"178":1,"182":1,"183":1}},"/home/travis/build/npmtest/node-npmtest-google-calendar/lib.npmtest_google_calendar.js":{"path":"/home/travis/build/npmtest/node-npmtest-google-calendar/lib.npmtest_google_calendar.js","s":{"1":2,"2":2,"3":2,"4":2,"5":2,"6":2,"7":2,"8":1,"9":2,"10":2,"11":2,"12":2,"13":1,"14":1,"15":1,"16":1},"b":{"1":[2,1,1,1],"2":[1,1,1,1],"3":[1,1],"4":[2,2],"5":[1,1]},"f":{"1":2,"2":2,"3":2},"fnMap":{"1":{"name":"(anonymous_1)","line":12,"loc":{"start":{"line":12,"column":1},"end":{"line":12,"column":13}}},"2":{"name":"(anonymous_2)","line":19,"loc":{"start":{"line":19,"column":5},"end":{"line":19,"column":17}}},"3":{"name":"(anonymous_3)","line":23,"loc":{"start":{"line":23,"column":24},"end":{"line":23,"column":36}}}},"statementMap":{"1":{"start":{"line":12,"column":0},"end":{"line":53,"column":5}},"2":{"start":{"line":14,"column":4},"end":{"line":14,"column":14}},"3":{"start":{"line":19,"column":4},"end":{"line":52,"column":9}},"4":{"start":{"line":21,"column":8},"end":{"line":21,"column":19}},"5":{"start":{"line":23,"column":8},"end":{"line":35,"column":13}},"6":{"start":{"line":24,"column":12},"end":{"line":34,"column":13}},"7":{"start":{"line":25,"column":16},"end":{"line":28,"column":30}},"8":{"start":{"line":30,"column":16},"end":{"line":33,"column":27}},"9":{"start":{"line":37,"column":8},"end":{"line":39,"column":21}},"10":{"start":{"line":41,"column":8},"end":{"line":41,"column":54}},"11":{"start":{"line":43,"column":8},"end":{"line":43,"column":60}},"12":{"start":{"line":45,"column":8},"end":{"line":51,"column":9}},"13":{"start":{"line":46,"column":12},"end":{"line":46,"column":66}},"14":{"start":{"line":48,"column":12},"end":{"line":48,"column":35}},"15":{"start":{"line":49,"column":12},"end":{"line":49,"column":49}},"16":{"start":{"line":50,"column":12},"end":{"line":50,"column":43}}},"branchMap":{"1":{"line":25,"type":"binary-expr","locations":[{"start":{"line":25,"column":23},"end":{"line":25,"column":62}},{"start":{"line":26,"column":20},"end":{"line":26,"column":70}},{"start":{"line":27,"column":20},"end":{"line":27,"column":71}},{"start":{"line":28,"column":20},"end":{"line":28,"column":29}}]},"2":{"line":30,"type":"binary-expr","locations":[{"start":{"line":30,"column":23},"end":{"line":30,"column":37}},{"start":{"line":31,"column":20},"end":{"line":31,"column":61}},{"start":{"line":32,"column":20},"end":{"line":32,"column":70}},{"start":{"line":33,"column":20},"end":{"line":33,"column":26}}]},"3":{"line":37,"type":"cond-expr","locations":[{"start":{"line":38,"column":14},"end":{"line":38,"column":20}},{"start":{"line":39,"column":14},"end":{"line":39,"column":20}}]},"4":{"line":41,"type":"binary-expr","locations":[{"start":{"line":41,"column":16},"end":{"line":41,"column":44}},{"start":{"line":41,"column":48},"end":{"line":41,"column":53}}]},"5":{"line":45,"type":"if","locations":[{"start":{"line":45,"column":8},"end":{"line":45,"column":8}},{"start":{"line":45,"column":8},"end":{"line":45,"column":8}}]}},"code":["/* istanbul instrument in package npmtest_google_calendar */","/*jslint","    bitwise: true,","    browser: true,","    maxerr: 8,","    maxlen: 96,","    node: true,","    nomen: true,","    regexp: true,","    stupid: true","*/","(function () {","    'use strict';","    var local;","","","","    // run shared js-env code - pre-init","    (function () {","        // init local","        local = {};","        // init modeJs","        local.modeJs = (function () {","            try {","                return typeof navigator.userAgent === 'string' &&","                    typeof document.querySelector('body') === 'object' &&","                    typeof XMLHttpRequest.prototype.open === 'function' &&","                    'browser';","            } catch (errorCaughtBrowser) {","                return module.exports &&","                    typeof process.versions.node === 'string' &&","                    typeof require('http').createServer === 'function' &&","                    'node';","            }","        }());","        // init global","        local.global = local.modeJs === 'browser'","            ? window","            : global;","        // init utility2_rollup","        local = local.global.utility2_rollup || local;","        // init lib","        local.local = local.npmtest_google_calendar = local;","        // init exports","        if (local.modeJs === 'browser') {","            local.global.utility2_npmtest_google_calendar = local;","        } else {","            module.exports = local;","            module.exports.__dirname = __dirname;","            module.exports.module = module;","        }","    }());","}());",""],"l":{"12":2,"14":2,"19":2,"21":2,"23":2,"24":2,"25":2,"30":1,"37":2,"41":2,"43":2,"45":2,"46":1,"48":1,"49":1,"50":1}},"/home/travis/build/npmtest/node-npmtest-google-calendar/example.js":{"path":"/home/travis/build/npmtest/node-npmtest-google-calendar/example.js","s":{"1":2,"2":2,"3":2,"4":2,"5":2,"6":2,"7":2,"8":1,"9":2,"10":2,"11":2,"12":2,"13":1,"14":2,"15":2,"16":2,"17":2,"18":2,"19":0,"20":2,"21":1,"22":1,"23":1,"24":1,"25":1,"26":0,"27":0,"28":1,"29":1,"30":2,"31":0,"32":0,"33":0,"34":1,"35":2,"36":2,"37":2,"38":2,"39":2,"40":2,"41":0,"42":2,"43":2,"44":2,"45":1,"46":3,"47":1,"48":1,"49":1,"50":1,"51":1,"52":1,"53":1,"54":1,"55":1,"56":1,"57":0,"58":1,"59":6,"60":6,"61":1,"62":2,"63":0,"64":2,"65":1,"66":1,"67":0,"68":0,"69":0,"70":0,"71":0,"72":0,"73":0,"74":0,"75":0,"76":0,"77":0,"78":0,"79":0,"80":0,"81":0,"82":0,"83":0},"b":{"1":[2,1,1,1],"2":[1,1,1,1],"3":[1,1],"4":[2,2],"5":[1,1],"6":[1,1],"7":[2,0],"8":[2,1,1,1,1,1],"9":[0,2,0],"10":[1,1],"11":[2,1,1],"12":[1,0],"13":[0,2],"14":[2,0,0,0,0,0,0],"15":[0,2],"16":[2,0],"17":[1,1],"18":[0,1],"19":[1,2,0,2],"20":[1,0],"21":[1,1],"22":[0,0],"23":[0,0],"24":[0,0],"25":[0,0],"26":[0,0],"27":[0,0],"28":[0,0]},"f":{"1":2,"2":2,"3":2,"4":2,"5":2,"6":2,"7":2,"8":2,"9":3,"10":1,"11":6,"12":0},"fnMap":{"1":{"name":"(anonymous_1)","line":26,"loc":{"start":{"line":26,"column":1},"end":{"line":26,"column":13}}},"2":{"name":"(anonymous_2)","line":33,"loc":{"start":{"line":33,"column":5},"end":{"line":33,"column":17}}},"3":{"name":"(anonymous_3)","line":37,"loc":{"start":{"line":37,"column":24},"end":{"line":37,"column":36}}},"4":{"name":"(anonymous_4)","line":69,"loc":{"start":{"line":69,"column":31},"end":{"line":69,"column":48}},"skip":true},"5":{"name":"(anonymous_5)","line":78,"loc":{"start":{"line":78,"column":26},"end":{"line":78,"column":45}},"skip":true},"6":{"name":"(anonymous_6)","line":123,"loc":{"start":{"line":123,"column":33},"end":{"line":123,"column":48}},"skip":true},"7":{"name":"(anonymous_7)","line":125,"loc":{"start":{"line":125,"column":27},"end":{"line":125,"column":39}},"skip":true},"8":{"name":"(anonymous_8)","line":133,"loc":{"start":{"line":133,"column":59},"end":{"line":133,"column":74}},"skip":true},"9":{"name":"(anonymous_9)","line":143,"loc":{"start":{"line":143,"column":45},"end":{"line":143,"column":62}},"skip":true},"10":{"name":"(anonymous_10)","line":144,"loc":{"start":{"line":144,"column":73},"end":{"line":144,"column":92}},"skip":true},"11":{"name":"(anonymous_11)","line":272,"loc":{"start":{"line":272,"column":51},"end":{"line":272,"column":77}},"skip":true},"12":{"name":"(anonymous_12)","line":314,"loc":{"start":{"line":314,"column":32},"end":{"line":314,"column":61}},"skip":true}},"statementMap":{"1":{"start":{"line":26,"column":0},"end":{"line":325,"column":5}},"2":{"start":{"line":28,"column":4},"end":{"line":28,"column":14}},"3":{"start":{"line":33,"column":4},"end":{"line":60,"column":9}},"4":{"start":{"line":35,"column":8},"end":{"line":35,"column":19}},"5":{"start":{"line":37,"column":8},"end":{"line":49,"column":13}},"6":{"start":{"line":38,"column":12},"end":{"line":48,"column":13}},"7":{"start":{"line":39,"column":16},"end":{"line":42,"column":30}},"8":{"start":{"line":44,"column":16},"end":{"line":47,"column":27}},"9":{"start":{"line":51,"column":8},"end":{"line":53,"column":21}},"10":{"start":{"line":55,"column":8},"end":{"line":57,"column":45}},"11":{"start":{"line":59,"column":8},"end":{"line":59,"column":35}},"12":{"start":{"line":61,"column":4},"end":{"line":324,"column":5}},"13":{"start":{"line":69,"column":8},"end":{"line":121,"column":10},"skip":true},"14":{"start":{"line":70,"column":12},"end":{"line":88,"column":13},"skip":true},"15":{"start":{"line":76,"column":16},"end":{"line":87,"column":19},"skip":true},"16":{"start":{"line":79,"column":20},"end":{"line":86,"column":21},"skip":true},"17":{"start":{"line":82,"column":24},"end":{"line":82,"column":43},"skip":true},"18":{"start":{"line":83,"column":24},"end":{"line":83,"column":30},"skip":true},"19":{"start":{"line":85,"column":24},"end":{"line":85,"column":49},"skip":true},"20":{"start":{"line":89,"column":12},"end":{"line":107,"column":13},"skip":true},"21":{"start":{"line":92,"column":16},"end":{"line":102,"column":17},"skip":true},"22":{"start":{"line":93,"column":20},"end":{"line":93,"column":86},"skip":true},"23":{"start":{"line":94,"column":20},"end":{"line":95,"column":45},"skip":true},"24":{"start":{"line":96,"column":20},"end":{"line":96,"column":42},"skip":true},"25":{"start":{"line":97,"column":20},"end":{"line":97,"column":48},"skip":true},"26":{"start":{"line":100,"column":20},"end":{"line":100,"column":85},"skip":true},"27":{"start":{"line":101,"column":20},"end":{"line":101,"column":96},"skip":true},"28":{"start":{"line":103,"column":16},"end":{"line":103,"column":22},"skip":true},"29":{"start":{"line":106,"column":16},"end":{"line":106,"column":22},"skip":true},"30":{"start":{"line":108,"column":12},"end":{"line":120,"column":13},"skip":true},"31":{"start":{"line":114,"column":16},"end":{"line":119,"column":17},"skip":true},"32":{"start":{"line":116,"column":20},"end":{"line":116,"column":78},"skip":true},"33":{"start":{"line":118,"column":20},"end":{"line":118,"column":47},"skip":true},"34":{"start":{"line":123,"column":8},"end":{"line":141,"column":11},"skip":true},"35":{"start":{"line":124,"column":12},"end":{"line":124,"column":54},"skip":true},"36":{"start":{"line":125,"column":12},"end":{"line":140,"column":14},"skip":true},"37":{"start":{"line":126,"column":16},"end":{"line":126,"column":28},"skip":true},"38":{"start":{"line":127,"column":16},"end":{"line":127,"column":69},"skip":true},"39":{"start":{"line":128,"column":16},"end":{"line":128,"column":75},"skip":true},"40":{"start":{"line":129,"column":16},"end":{"line":131,"column":17},"skip":true},"41":{"start":{"line":130,"column":20},"end":{"line":130,"column":27},"skip":true},"42":{"start":{"line":133,"column":16},"end":{"line":137,"column":36},"skip":true},"43":{"start":{"line":134,"column":20},"end":{"line":136,"column":55},"skip":true},"44":{"start":{"line":139,"column":16},"end":{"line":139,"column":57},"skip":true},"45":{"start":{"line":143,"column":8},"end":{"line":147,"column":11},"skip":true},"46":{"start":{"line":144,"column":12},"end":{"line":146,"column":15},"skip":true},"47":{"start":{"line":145,"column":16},"end":{"line":145,"column":70},"skip":true},"48":{"start":{"line":149,"column":8},"end":{"line":149,"column":31},"skip":true},"49":{"start":{"line":150,"column":8},"end":{"line":150,"column":14},"skip":true},"50":{"start":{"line":158,"column":8},"end":{"line":158,"column":31},"skip":true},"51":{"start":{"line":160,"column":8},"end":{"line":160,"column":33},"skip":true},"52":{"start":{"line":161,"column":8},"end":{"line":161,"column":37},"skip":true},"53":{"start":{"line":162,"column":8},"end":{"line":162,"column":35},"skip":true},"54":{"start":{"line":164,"column":8},"end":{"line":164,"column":50},"skip":true},"55":{"start":{"line":166,"column":8},"end":{"line":256,"column":2},"skip":true},"56":{"start":{"line":258,"column":8},"end":{"line":286,"column":9},"skip":true},"57":{"start":{"line":259,"column":12},"end":{"line":269,"column":14},"skip":true},"58":{"start":{"line":271,"column":12},"end":{"line":285,"column":19},"skip":true},"59":{"start":{"line":274,"column":20},"end":{"line":274,"column":35},"skip":true},"60":{"start":{"line":275,"column":20},"end":{"line":284,"column":21},"skip":true},"61":{"start":{"line":277,"column":24},"end":{"line":277,"column":64},"skip":true},"62":{"start":{"line":279,"column":24},"end":{"line":279,"column":40},"skip":true},"63":{"start":{"line":281,"column":24},"end":{"line":281,"column":40},"skip":true},"64":{"start":{"line":283,"column":24},"end":{"line":283,"column":39},"skip":true},"65":{"start":{"line":288,"column":8},"end":{"line":290,"column":9},"skip":true},"66":{"start":{"line":289,"column":12},"end":{"line":289,"column":18},"skip":true},"67":{"start":{"line":291,"column":8},"end":{"line":293,"column":54},"skip":true},"68":{"start":{"line":294,"column":8},"end":{"line":301,"column":37},"skip":true},"69":{"start":{"line":302,"column":8},"end":{"line":302,"column":82},"skip":true},"70":{"start":{"line":305,"column":8},"end":{"line":307,"column":9},"skip":true},"71":{"start":{"line":306,"column":12},"end":{"line":306,"column":82},"skip":true},"72":{"start":{"line":309,"column":8},"end":{"line":311,"column":9},"skip":true},"73":{"start":{"line":310,"column":12},"end":{"line":310,"column":18},"skip":true},"74":{"start":{"line":312,"column":8},"end":{"line":312,"column":54},"skip":true},"75":{"start":{"line":313,"column":8},"end":{"line":313,"column":69},"skip":true},"76":{"start":{"line":314,"column":8},"end":{"line":322,"column":36},"skip":true},"77":{"start":{"line":315,"column":12},"end":{"line":315,"column":61},"skip":true},"78":{"start":{"line":316,"column":12},"end":{"line":319,"column":13},"skip":true},"79":{"start":{"line":317,"column":16},"end":{"line":317,"column":75},"skip":true},"80":{"start":{"line":318,"column":16},"end":{"line":318,"column":23},"skip":true},"81":{"start":{"line":320,"column":12},"end":{"line":320,"column":38},"skip":true},"82":{"start":{"line":321,"column":12},"end":{"line":321,"column":27},"skip":true},"83":{"start":{"line":323,"column":8},"end":{"line":323,"column":14},"skip":true}},"branchMap":{"1":{"line":39,"type":"binary-expr","locations":[{"start":{"line":39,"column":23},"end":{"line":39,"column":62}},{"start":{"line":40,"column":20},"end":{"line":40,"column":70}},{"start":{"line":41,"column":20},"end":{"line":41,"column":71}},{"start":{"line":42,"column":20},"end":{"line":42,"column":29}}]},"2":{"line":44,"type":"binary-expr","locations":[{"start":{"line":44,"column":23},"end":{"line":44,"column":37}},{"start":{"line":45,"column":20},"end":{"line":45,"column":61}},{"start":{"line":46,"column":20},"end":{"line":46,"column":70}},{"start":{"line":47,"column":20},"end":{"line":47,"column":26}}]},"3":{"line":51,"type":"cond-expr","locations":[{"start":{"line":52,"column":14},"end":{"line":52,"column":20}},{"start":{"line":53,"column":14},"end":{"line":53,"column":20}}]},"4":{"line":55,"type":"binary-expr","locations":[{"start":{"line":55,"column":16},"end":{"line":55,"column":44}},{"start":{"line":55,"column":49},"end":{"line":57,"column":43}}]},"5":{"line":55,"type":"cond-expr","locations":[{"start":{"line":56,"column":14},"end":{"line":56,"column":59}},{"start":{"line":57,"column":14},"end":{"line":57,"column":43}}]},"6":{"line":61,"type":"switch","locations":[{"start":{"line":68,"column":4},"end":{"line":150,"column":14},"skip":true},{"start":{"line":156,"column":4},"end":{"line":323,"column":14},"skip":true}]},"7":{"line":70,"type":"if","locations":[{"start":{"line":70,"column":12},"end":{"line":70,"column":12},"skip":true},{"start":{"line":70,"column":12},"end":{"line":70,"column":12},"skip":true}]},"8":{"line":70,"type":"binary-expr","locations":[{"start":{"line":70,"column":16},"end":{"line":70,"column":22},"skip":true},{"start":{"line":70,"column":27},"end":{"line":70,"column":32},"skip":true},{"start":{"line":71,"column":20},"end":{"line":71,"column":39},"skip":true},{"start":{"line":72,"column":20},"end":{"line":72,"column":49},"skip":true},{"start":{"line":73,"column":20},"end":{"line":73,"column":58},"skip":true},{"start":{"line":74,"column":20},"end":{"line":74,"column":69},"skip":true}]},"9":{"line":79,"type":"switch","locations":[{"start":{"line":80,"column":20},"end":{"line":80,"column":33},"skip":true},{"start":{"line":81,"column":20},"end":{"line":83,"column":30},"skip":true},{"start":{"line":84,"column":20},"end":{"line":85,"column":49},"skip":true}]},"10":{"line":89,"type":"switch","locations":[{"start":{"line":90,"column":12},"end":{"line":103,"column":22},"skip":true},{"start":{"line":105,"column":12},"end":{"line":106,"column":22},"skip":true}]},"11":{"line":89,"type":"binary-expr","locations":[{"start":{"line":89,"column":20},"end":{"line":89,"column":25},"skip":true},{"start":{"line":89,"column":29},"end":{"line":89,"column":48},"skip":true},{"start":{"line":89,"column":52},"end":{"line":89,"column":74},"skip":true}]},"12":{"line":92,"type":"if","locations":[{"start":{"line":92,"column":16},"end":{"line":92,"column":16},"skip":true},{"start":{"line":92,"column":16},"end":{"line":92,"column":16},"skip":true}]},"13":{"line":108,"type":"if","locations":[{"start":{"line":108,"column":12},"end":{"line":108,"column":12},"skip":true},{"start":{"line":108,"column":12},"end":{"line":108,"column":12},"skip":true}]},"14":{"line":108,"type":"binary-expr","locations":[{"start":{"line":108,"column":16},"end":{"line":108,"column":61},"skip":true},{"start":{"line":108,"column":66},"end":{"line":108,"column":72},"skip":true},{"start":{"line":108,"column":77},"end":{"line":108,"column":82},"skip":true},{"start":{"line":109,"column":20},"end":{"line":109,"column":39},"skip":true},{"start":{"line":110,"column":20},"end":{"line":110,"column":49},"skip":true},{"start":{"line":111,"column":20},"end":{"line":111,"column":58},"skip":true},{"start":{"line":112,"column":20},"end":{"line":112,"column":68},"skip":true}]},"15":{"line":129,"type":"if","locations":[{"start":{"line":129,"column":16},"end":{"line":129,"column":16},"skip":true},{"start":{"line":129,"column":16},"end":{"line":129,"column":16},"skip":true}]},"16":{"line":134,"type":"cond-expr","locations":[{"start":{"line":135,"column":26},"end":{"line":135,"column":29},"skip":true},{"start":{"line":136,"column":26},"end":{"line":136,"column":54},"skip":true}]},"17":{"line":164,"type":"binary-expr","locations":[{"start":{"line":164,"column":27},"end":{"line":164,"column":43},"skip":true},{"start":{"line":164,"column":47},"end":{"line":164,"column":49},"skip":true}]},"18":{"line":258,"type":"if","locations":[{"start":{"line":258,"column":8},"end":{"line":258,"column":8},"skip":true},{"start":{"line":258,"column":8},"end":{"line":258,"column":8},"skip":true}]},"19":{"line":275,"type":"switch","locations":[{"start":{"line":276,"column":20},"end":{"line":277,"column":64},"skip":true},{"start":{"line":278,"column":20},"end":{"line":279,"column":40},"skip":true},{"start":{"line":280,"column":20},"end":{"line":281,"column":40},"skip":true},{"start":{"line":282,"column":20},"end":{"line":283,"column":39},"skip":true}]},"20":{"line":288,"type":"if","locations":[{"start":{"line":288,"column":8},"end":{"line":288,"column":8},"skip":true},{"start":{"line":288,"column":8},"end":{"line":288,"column":8},"skip":true}]},"21":{"line":288,"type":"binary-expr","locations":[{"start":{"line":288,"column":12},"end":{"line":288,"column":40},"skip":true},{"start":{"line":288,"column":44},"end":{"line":288,"column":67},"skip":true}]},"22":{"line":292,"type":"binary-expr","locations":[{"start":{"line":292,"column":12},"end":{"line":292,"column":50},"skip":true},{"start":{"line":293,"column":12},"end":{"line":293,"column":53},"skip":true}]},"23":{"line":295,"type":"binary-expr","locations":[{"start":{"line":295,"column":12},"end":{"line":295,"column":73},"skip":true},{"start":{"line":296,"column":12},"end":{"line":301,"column":36},"skip":true}]},"24":{"line":302,"type":"binary-expr","locations":[{"start":{"line":302,"column":43},"end":{"line":302,"column":75},"skip":true},{"start":{"line":302,"column":79},"end":{"line":302,"column":81},"skip":true}]},"25":{"line":305,"type":"if","locations":[{"start":{"line":305,"column":8},"end":{"line":305,"column":8},"skip":true},{"start":{"line":305,"column":8},"end":{"line":305,"column":8},"skip":true}]},"26":{"line":309,"type":"if","locations":[{"start":{"line":309,"column":8},"end":{"line":309,"column":8},"skip":true},{"start":{"line":309,"column":8},"end":{"line":309,"column":8},"skip":true}]},"27":{"line":312,"type":"binary-expr","locations":[{"start":{"line":312,"column":27},"end":{"line":312,"column":43},"skip":true},{"start":{"line":312,"column":47},"end":{"line":312,"column":53},"skip":true}]},"28":{"line":316,"type":"if","locations":[{"start":{"line":316,"column":12},"end":{"line":316,"column":12},"skip":true},{"start":{"line":316,"column":12},"end":{"line":316,"column":12},"skip":true}]}},"code":["/*","example.js","","quickstart example","","instruction","    1. save this script as example.js","    2. run the shell command:","        $ npm install npmtest-google-calendar && PORT=8081 node example.js","    3. play with the browser-demo on http://127.0.0.1:8081","*/","","","","/* istanbul instrument in package npmtest_google_calendar */","/*jslint","    bitwise: true,","    browser: true,","    maxerr: 8,","    maxlen: 96,","    node: true,","    nomen: true,","    regexp: true,","    stupid: true","*/","(function () {","    'use strict';","    var local;","","","","    // run shared js-env code - pre-init","    (function () {","        // init local","        local = {};","        // init modeJs","        local.modeJs = (function () {","            try {","                return typeof navigator.userAgent === 'string' &&","                    typeof document.querySelector('body') === 'object' &&","                    typeof XMLHttpRequest.prototype.open === 'function' &&","                    'browser';","            } catch (errorCaughtBrowser) {","                return module.exports &&","                    typeof process.versions.node === 'string' &&","                    typeof require('http').createServer === 'function' &&","                    'node';","            }","        }());","        // init global","        local.global = local.modeJs === 'browser'","            ? window","            : global;","        // init utility2_rollup","        local = local.global.utility2_rollup || (local.modeJs === 'browser'","            ? local.global.utility2_npmtest_google_calendar","            : global.utility2_moduleExports);","        // export local","        local.global.local = local;","    }());","    switch (local.modeJs) {","","","","    // post-init","    // run browser js-env code - post-init","    /* istanbul ignore next */","    case 'browser':","        local.testRunBrowser = function (event) {","            if (!event || (event &&","                    event.currentTarget &&","                    event.currentTarget.className &&","                    event.currentTarget.className.includes &&","                    event.currentTarget.className.includes('onreset'))) {","                // reset output","                Array.from(","                    document.querySelectorAll('body > .resettable')","                ).forEach(function (element) {","                    switch (element.tagName) {","                    case 'INPUT':","                    case 'TEXTAREA':","                        element.value = '';","                        break;","                    default:","                        element.textContent = '';","                    }","                });","            }","            switch (event && event.currentTarget && event.currentTarget.id) {","            case 'testRunButton1':","                // show tests","                if (document.querySelector('#testReportDiv1').style.display === 'none') {","                    document.querySelector('#testReportDiv1').style.display = 'block';","                    document.querySelector('#testRunButton1').textContent =","                        'hide internal test';","                    local.modeTest = true;","                    local.testRunDefault(local);","                // hide tests","                } else {","                    document.querySelector('#testReportDiv1').style.display = 'none';","                    document.querySelector('#testRunButton1').textContent = 'run internal test';","                }","                break;","            // custom-case","            default:","                break;","            }","            if (document.querySelector('#inputTextareaEval1') && (!event || (event &&","                    event.currentTarget &&","                    event.currentTarget.className &&","                    event.currentTarget.className.includes &&","                    event.currentTarget.className.includes('oneval')))) {","                // try to eval input-code","                try {","                    /*jslint evil: true*/","                    eval(document.querySelector('#inputTextareaEval1').value);","                } catch (errorCaught) {","                    console.error(errorCaught);","                }","            }","        };","        // log stderr and stdout to #outputTextareaStdout1","        ['error', 'log'].forEach(function (key) {","            console[key + '_original'] = console[key];","            console[key] = function () {","                var element;","                console[key + '_original'].apply(console, arguments);","                element = document.querySelector('#outputTextareaStdout1');","                if (!element) {","                    return;","                }","                // append text to #outputTextareaStdout1","                element.value += Array.from(arguments).map(function (arg) {","                    return typeof arg === 'string'","                        ? arg","                        : JSON.stringify(arg, null, 4);","                }).join(' ') + '\\n';","                // scroll textarea to bottom","                element.scrollTop = element.scrollHeight;","            };","        });","        // init event-handling","        ['change', 'click', 'keyup'].forEach(function (event) {","            Array.from(document.querySelectorAll('.on' + event)).forEach(function (element) {","                element.addEventListener(event, local.testRunBrowser);","            });","        });","        // run tests","        local.testRunBrowser();","        break;","","","","    // run node js-env code - post-init","    /* istanbul ignore next */","    case 'node':","        // export local","        module.exports = local;","        // require modules","        local.fs = require('fs');","        local.http = require('http');","        local.url = require('url');","        // init assets","        local.assetsDict = local.assetsDict || {};","        /* jslint-ignore-begin */","        local.assetsDict['/assets.index.template.html'] = '\\","<!doctype html>\\n\\","<html lang=\"en\">\\n\\","<head>\\n\\","<meta charset=\"UTF-8\">\\n\\","<meta name=\"viewport\" content=\"width=device-width, initial-scale=1\">\\n\\","<title>{{env.npm_package_name}} (v{{env.npm_package_version}})</title>\\n\\","<style>\\n\\","/*csslint\\n\\","    box-sizing: false,\\n\\","    universal-selector: false\\n\\","*/\\n\\","* {\\n\\","    box-sizing: border-box;\\n\\","}\\n\\","body {\\n\\","    background: #dde;\\n\\","    font-family: Arial, Helvetica, sans-serif;\\n\\","    margin: 2rem;\\n\\","}\\n\\","body > * {\\n\\","    margin-bottom: 1rem;\\n\\","}\\n\\",".utility2FooterDiv {\\n\\","    margin-top: 20px;\\n\\","    text-align: center;\\n\\","}\\n\\","</style>\\n\\","<style>\\n\\","/*csslint\\n\\","*/\\n\\","textarea {\\n\\","    font-family: monospace;\\n\\","    height: 10rem;\\n\\","    width: 100%;\\n\\","}\\n\\","textarea[readonly] {\\n\\","    background: #ddd;\\n\\","}\\n\\","</style>\\n\\","</head>\\n\\","<body>\\n\\","<!-- utility2-comment\\n\\","<div id=\"ajaxProgressDiv1\" style=\"background: #d00; height: 2px; left: 0; margin: 0; padding: 0; position: fixed; top: 0; transition: background 0.5s, width 1.5s; width: 25%;\"></div>\\n\\","utility2-comment -->\\n\\","<h1>\\n\\","<!-- utility2-comment\\n\\","    <a\\n\\","        {{#if env.npm_package_homepage}}\\n\\","        href=\"{{env.npm_package_homepage}}\"\\n\\","        {{/if env.npm_package_homepage}}\\n\\","        target=\"_blank\"\\n\\","    >\\n\\","utility2-comment -->\\n\\","        {{env.npm_package_name}} (v{{env.npm_package_version}})\\n\\","<!-- utility2-comment\\n\\","    </a>\\n\\","utility2-comment -->\\n\\","</h1>\\n\\","<h3>{{env.npm_package_description}}</h3>\\n\\","<!-- utility2-comment\\n\\","<h4><a download href=\"assets.app.js\">download standalone app</a></h4>\\n\\","<button class=\"onclick onreset\" id=\"testRunButton1\">run internal test</button><br>\\n\\","<div id=\"testReportDiv1\" style=\"display: none;\"></div>\\n\\","utility2-comment -->\\n\\","\\n\\","\\n\\","\\n\\","<label>stderr and stdout</label>\\n\\","<textarea class=\"resettable\" id=\"outputTextareaStdout1\" readonly></textarea>\\n\\","<!-- utility2-comment\\n\\","{{#if isRollup}}\\n\\","<script src=\"assets.app.js\"></script>\\n\\","{{#unless isRollup}}\\n\\","utility2-comment -->\\n\\","<script src=\"assets.utility2.rollup.js\"></script>\\n\\","<script src=\"jsonp.utility2._stateInit?callback=window.utility2._stateInit\"></script>\\n\\","<script src=\"assets.npmtest_google_calendar.rollup.js\"></script>\\n\\","<script src=\"assets.example.js\"></script>\\n\\","<script src=\"assets.test.js\"></script>\\n\\","<!-- utility2-comment\\n\\","{{/if isRollup}}\\n\\","utility2-comment -->\\n\\","<div class=\"utility2FooterDiv\">\\n\\","    [ this app was created with\\n\\","    <a href=\"https://github.com/kaizhu256/node-utility2\" target=\"_blank\">utility2</a>\\n\\","    ]\\n\\","</div>\\n\\","</body>\\n\\","</html>\\n\\","';","        /* jslint-ignore-end */","        if (local.templateRender) {","            local.assetsDict['/'] = local.templateRender(","                local.assetsDict['/assets.index.template.html'],","                {","                    env: local.objectSetDefault(local.env, {","                        npm_package_description: 'the greatest app in the world!',","                        npm_package_name: 'my-app',","                        npm_package_nameAlias: 'my_app',","                        npm_package_version: '0.0.1'","                    })","                }","            );","        } else {","            local.assetsDict['/'] = local.assetsDict['/assets.index.template.html']","                .replace((/\\{\\{env\\.(\\w+?)\\}\\}/g), function (match0, match1) {","                    // jslint-hack","                    String(match0);","                    switch (match1) {","                    case 'npm_package_description':","                        return 'the greatest app in the world!';","                    case 'npm_package_name':","                        return 'my-app';","                    case 'npm_package_nameAlias':","                        return 'my_app';","                    case 'npm_package_version':","                        return '0.0.1';","                    }","                });","        }","        // run the cli","        if (local.global.utility2_rollup || module !== require.main) {","            break;","        }","        local.assetsDict['/assets.example.js'] =","            local.assetsDict['/assets.example.js'] ||","            local.fs.readFileSync(__filename, 'utf8');","        local.assetsDict['/assets.npmtest_google_calendar.rollup.js'] =","            local.assetsDict['/assets.npmtest_google_calendar.rollup.js'] ||","            local.fs.readFileSync(","                // buildCustomOrg-hack","                local.npmtest_google_calendar.__dirname +","                    '/lib.npmtest_google_calendar.js',","                'utf8'","            ).replace((/^#!/), '//');","        local.assetsDict['/favicon.ico'] = local.assetsDict['/favicon.ico'] || '';","        // if $npm_config_timeout_exit exists,","        // then exit this process after $npm_config_timeout_exit ms","        if (Number(process.env.npm_config_timeout_exit)) {","            setTimeout(process.exit, Number(process.env.npm_config_timeout_exit));","        }","        // start server","        if (local.global.utility2_serverHttp1) {","            break;","        }","        process.env.PORT = process.env.PORT || '8081';","        console.error('server starting on port ' + process.env.PORT);","        local.http.createServer(function (request, response) {","            request.urlParsed = local.url.parse(request.url);","            if (local.assetsDict[request.urlParsed.pathname] !== undefined) {","                response.end(local.assetsDict[request.urlParsed.pathname]);","                return;","            }","            response.statusCode = 404;","            response.end();","        }).listen(process.env.PORT);","        break;","    }","}());",""],"l":{"26":2,"28":2,"33":2,"35":2,"37":2,"38":2,"39":2,"44":1,"51":2,"55":2,"59":2,"61":2,"69":1,"70":2,"76":2,"79":2,"82":2,"83":2,"85":1,"89":2,"92":1,"93":1,"94":1,"96":1,"97":1,"100":1,"101":1,"103":1,"106":1,"108":2,"114":1,"116":1,"118":1,"123":1,"124":2,"125":2,"126":2,"127":2,"128":2,"129":2,"130":1,"133":2,"134":2,"139":2,"143":1,"144":3,"145":1,"149":1,"150":1,"158":1,"160":1,"161":1,"162":1,"164":1,"166":1,"258":1,"259":1,"271":1,"274":6,"275":6,"277":1,"279":2,"281":1,"283":2,"288":1,"289":1,"291":1,"294":1,"302":1,"305":1,"306":1,"309":1,"310":1,"312":1,"313":1,"314":1,"315":1,"316":1,"317":1,"318":1,"320":1,"321":1,"323":1}},"/home/travis/build/npmtest/node-npmtest-google-calendar/node_modules/google-calendar/GoogleCalendar.js":{"path":"/home/travis/build/npmtest/node-npmtest-google-calendar/node_modules/google-calendar/GoogleCalendar.js","s":{"1":1,"2":0,"3":1,"4":1,"5":1,"6":1,"7":0,"8":0,"9":0,"10":0,"11":0,"12":0,"13":0,"14":0,"15":0,"16":0,"17":0,"18":1,"19":0,"20":0,"21":0,"22":0,"23":0,"24":0,"25":0,"26":0,"27":0,"28":0,"29":0,"30":1,"31":0,"32":1,"33":0,"34":0,"35":0,"36":1,"37":0,"38":0,"39":0,"40":1,"41":0,"42":0,"43":1,"44":0,"45":0,"46":1,"47":0,"48":0,"49":0,"50":1,"51":0,"52":0,"53":0,"54":1,"55":0,"56":1,"57":0,"58":0,"59":0,"60":0,"61":0,"62":1,"63":0,"64":0,"65":0,"66":0,"67":0,"68":1,"69":0,"70":0,"71":0,"72":0,"73":1,"74":0,"75":0,"76":0,"77":0,"78":1,"79":0,"80":0,"81":0,"82":0,"83":0,"84":1,"85":0,"86":0,"87":0,"88":0,"89":0,"90":1,"91":0,"92":1,"93":0,"94":0,"95":0,"96":0,"97":0,"98":1,"99":0,"100":0,"101":0,"102":0,"103":0,"104":1,"105":0,"106":0,"107":0,"108":0,"109":0,"110":1,"111":0,"112":0,"113":0,"114":0,"115":1,"116":0,"117":0,"118":0,"119":0,"120":0,"121":1,"122":0,"123":0,"124":0,"125":0,"126":0,"127":1,"128":0,"129":1,"130":0,"131":0,"132":0,"133":0,"134":0,"135":0,"136":1,"137":0,"138":0,"139":0,"140":0,"141":0,"142":0,"143":1,"144":0,"145":0,"146":0,"147":0,"148":0,"149":1,"150":0,"151":0,"152":0,"153":0,"154":0,"155":1,"156":0,"157":0,"158":0,"159":0,"160":0,"161":0,"162":1,"163":0,"164":0,"165":0,"166":0,"167":0,"168":1,"169":0,"170":0,"171":0,"172":0,"173":0,"174":0,"175":1,"176":0,"177":0,"178":0,"179":0,"180":0,"181":0,"182":1,"183":0,"184":0,"185":0,"186":0,"187":0,"188":0,"189":1,"190":0,"191":0,"192":0,"193":0,"194":0,"195":0,"196":1,"197":0,"198":0,"199":0,"200":0,"201":0,"202":1,"203":0,"204":1,"205":0,"206":1,"207":0,"208":0,"209":0,"210":0,"211":1,"212":0,"213":1,"214":0,"215":1,"216":0,"217":0},"b":{"1":[0,0],"2":[0,0],"3":[0,0],"4":[0,0],"5":[0,0],"6":[0,0],"7":[0,0],"8":[0,0],"9":[0,0],"10":[0,0],"11":[0,0],"12":[0,0],"13":[0,0],"14":[0,0],"15":[0,0],"16":[0,0],"17":[0,0],"18":[0,0],"19":[0,0],"20":[0,0],"21":[0,0],"22":[0,0],"23":[0,0],"24":[0,0],"25":[0,0],"26":[0,0],"27":[0,0],"28":[0,0],"29":[0,0],"30":[0,0]},"f":{"1":0,"2":0,"3":0,"4":0,"5":0,"6":0,"7":0,"8":0,"9":0,"10":0,"11":0,"12":0,"13":0,"14":0,"15":0,"16":0,"17":0,"18":0,"19":0,"20":0,"21":0,"22":0,"23":0,"24":0,"25":0,"26":0,"27":0,"28":0,"29":0,"30":0,"31":0,"32":0,"33":0,"34":0,"35":0,"36":0,"37":0,"38":0,"39":0,"40":0,"41":0,"42":0,"43":0},"fnMap":{"1":{"name":"(anonymous_1)","line":1,"loc":{"start":{"line":1,"column":17},"end":{"line":1,"column":40}}},"2":{"name":"GoogleCalendar","line":9,"loc":{"start":{"line":9,"column":0},"end":{"line":9,"column":37}}},"3":{"name":"(anonymous_3)","line":11,"loc":{"start":{"line":11,"column":18},"end":{"line":11,"column":72}}},"4":{"name":"responseHandler","line":29,"loc":{"start":{"line":29,"column":4},"end":{"line":29,"column":52}}},"5":{"name":"Acl","line":45,"loc":{"start":{"line":45,"column":0},"end":{"line":45,"column":21}}},"6":{"name":"(anonymous_6)","line":47,"loc":{"start":{"line":47,"column":23},"end":{"line":47,"column":62}}},"7":{"name":"(anonymous_7)","line":55,"loc":{"start":{"line":55,"column":20},"end":{"line":55,"column":59}}},"8":{"name":"(anonymous_8)","line":63,"loc":{"start":{"line":63,"column":23},"end":{"line":63,"column":59}}},"9":{"name":"(anonymous_9)","line":70,"loc":{"start":{"line":70,"column":21},"end":{"line":70,"column":52}}},"10":{"name":"(anonymous_10)","line":77,"loc":{"start":{"line":77,"column":23},"end":{"line":77,"column":67}}},"11":{"name":"(anonymous_11)","line":85,"loc":{"start":{"line":85,"column":22},"end":{"line":85,"column":66}}},"12":{"name":"CalendarList","line":96,"loc":{"start":{"line":96,"column":0},"end":{"line":96,"column":30}}},"13":{"name":"(anonymous_13)","line":98,"loc":{"start":{"line":98,"column":32},"end":{"line":98,"column":71}}},"14":{"name":"(anonymous_14)","line":104,"loc":{"start":{"line":104,"column":29},"end":{"line":104,"column":68}}},"15":{"name":"(anonymous_15)","line":110,"loc":{"start":{"line":110,"column":32},"end":{"line":110,"column":73}}},"16":{"name":"(anonymous_16)","line":115,"loc":{"start":{"line":115,"column":30},"end":{"line":115,"column":57}}},"17":{"name":"(anonymous_17)","line":120,"loc":{"start":{"line":120,"column":32},"end":{"line":120,"column":85}}},"18":{"name":"(anonymous_18)","line":126,"loc":{"start":{"line":126,"column":31},"end":{"line":126,"column":84}}},"19":{"name":"Calendars","line":134,"loc":{"start":{"line":134,"column":0},"end":{"line":134,"column":27}}},"20":{"name":"(anonymous_20)","line":136,"loc":{"start":{"line":136,"column":28},"end":{"line":136,"column":67}}},"21":{"name":"(anonymous_21)","line":142,"loc":{"start":{"line":142,"column":29},"end":{"line":142,"column":68}}},"22":{"name":"(anonymous_22)","line":148,"loc":{"start":{"line":148,"column":26},"end":{"line":148,"column":65}}},"23":{"name":"(anonymous_23)","line":154,"loc":{"start":{"line":154,"column":29},"end":{"line":154,"column":66}}},"24":{"name":"(anonymous_24)","line":159,"loc":{"start":{"line":159,"column":29},"end":{"line":159,"column":78}}},"25":{"name":"(anonymous_25)","line":165,"loc":{"start":{"line":165,"column":28},"end":{"line":165,"column":39}}},"26":{"name":"Events","line":174,"loc":{"start":{"line":174,"column":0},"end":{"line":174,"column":24}}},"27":{"name":"(anonymous_27)","line":177,"loc":{"start":{"line":177,"column":26},"end":{"line":177,"column":74}}},"28":{"name":"(anonymous_28)","line":188,"loc":{"start":{"line":188,"column":23},"end":{"line":188,"column":71}}},"29":{"name":"(anonymous_29)","line":199,"loc":{"start":{"line":199,"column":26},"end":{"line":199,"column":72}}},"30":{"name":"(anonymous_30)","line":209,"loc":{"start":{"line":209,"column":26},"end":{"line":209,"column":72}}},"31":{"name":"(anonymous_31)","line":219,"loc":{"start":{"line":219,"column":29},"end":{"line":219,"column":77}}},"32":{"name":"(anonymous_32)","line":230,"loc":{"start":{"line":230,"column":24},"end":{"line":230,"column":63}}},"33":{"name":"(anonymous_33)","line":240,"loc":{"start":{"line":240,"column":24},"end":{"line":240,"column":72}}},"34":{"name":"(anonymous_34)","line":251,"loc":{"start":{"line":251,"column":28},"end":{"line":251,"column":73}}},"35":{"name":"(anonymous_35)","line":262,"loc":{"start":{"line":262,"column":26},"end":{"line":262,"column":82}}},"36":{"name":"(anonymous_36)","line":273,"loc":{"start":{"line":273,"column":25},"end":{"line":273,"column":80}}},"37":{"name":"(anonymous_37)","line":283,"loc":{"start":{"line":283,"column":25},"end":{"line":283,"column":78}}},"38":{"name":"(anonymous_38)","line":292,"loc":{"start":{"line":292,"column":29},"end":{"line":292,"column":61}}},"39":{"name":"Freebusy","line":300,"loc":{"start":{"line":300,"column":0},"end":{"line":300,"column":26}}},"40":{"name":"(anonymous_40)","line":302,"loc":{"start":{"line":302,"column":27},"end":{"line":302,"column":61}}},"41":{"name":"Settings","line":309,"loc":{"start":{"line":309,"column":0},"end":{"line":309,"column":26}}},"42":{"name":"(anonymous_42)","line":312,"loc":{"start":{"line":312,"column":26},"end":{"line":312,"column":45}}},"43":{"name":"(anonymous_43)","line":318,"loc":{"start":{"line":318,"column":25},"end":{"line":318,"column":53}}}},"statementMap":{"1":{"start":{"line":1,"column":0},"end":{"line":3,"column":1}},"2":{"start":{"line":2,"column":2},"end":{"line":2,"column":42}},"3":{"start":{"line":4,"column":0},"end":{"line":4,"column":47}},"4":{"start":{"line":6,"column":0},"end":{"line":6,"column":29}},"5":{"start":{"line":7,"column":0},"end":{"line":7,"column":31}},"6":{"start":{"line":9,"column":0},"end":{"line":42,"column":1}},"7":{"start":{"line":11,"column":2},"end":{"line":34,"column":4}},"8":{"start":{"line":13,"column":4},"end":{"line":13,"column":90}},"9":{"start":{"line":15,"column":4},"end":{"line":15,"column":25}},"10":{"start":{"line":16,"column":4},"end":{"line":16,"column":27}},"11":{"start":{"line":17,"column":4},"end":{"line":17,"column":24}},"12":{"start":{"line":19,"column":4},"end":{"line":19,"column":30}},"13":{"start":{"line":20,"column":4},"end":{"line":20,"column":69}},"14":{"start":{"line":20,"column":41},"end":{"line":20,"column":69}},"15":{"start":{"line":23,"column":4},"end":{"line":25,"column":5}},"16":{"start":{"line":24,"column":6},"end":{"line":24,"column":74}},"17":{"start":{"line":27,"column":4},"end":{"line":27,"column":62}},"18":{"start":{"line":29,"column":4},"end":{"line":33,"column":5}},"19":{"start":{"line":30,"column":6},"end":{"line":30,"column":45}},"20":{"start":{"line":30,"column":16},"end":{"line":30,"column":45}},"21":{"start":{"line":31,"column":6},"end":{"line":31,"column":55}},"22":{"start":{"line":31,"column":21},"end":{"line":31,"column":55}},"23":{"start":{"line":32,"column":6},"end":{"line":32,"column":34}},"24":{"start":{"line":36,"column":2},"end":{"line":36,"column":40}},"25":{"start":{"line":37,"column":2},"end":{"line":37,"column":53}},"26":{"start":{"line":38,"column":2},"end":{"line":38,"column":47}},"27":{"start":{"line":39,"column":2},"end":{"line":39,"column":43}},"28":{"start":{"line":40,"column":2},"end":{"line":40,"column":45}},"29":{"start":{"line":41,"column":2},"end":{"line":41,"column":45}},"30":{"start":{"line":45,"column":0},"end":{"line":45,"column":48}},"31":{"start":{"line":45,"column":23},"end":{"line":45,"column":46}},"32":{"start":{"line":47,"column":0},"end":{"line":53,"column":1}},"33":{"start":{"line":48,"column":2},"end":{"line":48,"column":46}},"34":{"start":{"line":49,"column":2},"end":{"line":49,"column":42}},"35":{"start":{"line":51,"column":2},"end":{"line":52,"column":28}},"36":{"start":{"line":55,"column":0},"end":{"line":61,"column":1}},"37":{"start":{"line":56,"column":2},"end":{"line":56,"column":46}},"38":{"start":{"line":57,"column":2},"end":{"line":57,"column":42}},"39":{"start":{"line":59,"column":2},"end":{"line":60,"column":28}},"40":{"start":{"line":63,"column":0},"end":{"line":68,"column":1}},"41":{"start":{"line":64,"column":2},"end":{"line":64,"column":46}},"42":{"start":{"line":66,"column":2},"end":{"line":67,"column":27}},"43":{"start":{"line":70,"column":0},"end":{"line":75,"column":1}},"44":{"start":{"line":71,"column":2},"end":{"line":71,"column":46}},"45":{"start":{"line":73,"column":2},"end":{"line":74,"column":28}},"46":{"start":{"line":77,"column":0},"end":{"line":83,"column":1}},"47":{"start":{"line":78,"column":2},"end":{"line":78,"column":46}},"48":{"start":{"line":79,"column":2},"end":{"line":79,"column":42}},"49":{"start":{"line":81,"column":2},"end":{"line":82,"column":27}},"50":{"start":{"line":85,"column":0},"end":{"line":91,"column":1}},"51":{"start":{"line":86,"column":2},"end":{"line":86,"column":46}},"52":{"start":{"line":87,"column":2},"end":{"line":87,"column":42}},"53":{"start":{"line":89,"column":2},"end":{"line":90,"column":27}},"54":{"start":{"line":96,"column":0},"end":{"line":96,"column":57}},"55":{"start":{"line":96,"column":32},"end":{"line":96,"column":55}},"56":{"start":{"line":98,"column":0},"end":{"line":102,"column":1}},"57":{"start":{"line":99,"column":2},"end":{"line":99,"column":50}},"58":{"start":{"line":99,"column":17},"end":{"line":99,"column":35}},"59":{"start":{"line":99,"column":36},"end":{"line":99,"column":48}},"60":{"start":{"line":100,"column":2},"end":{"line":100,"column":46}},"61":{"start":{"line":101,"column":2},"end":{"line":101,"column":91}},"62":{"start":{"line":104,"column":0},"end":{"line":108,"column":1}},"63":{"start":{"line":105,"column":2},"end":{"line":105,"column":50}},"64":{"start":{"line":105,"column":17},"end":{"line":105,"column":35}},"65":{"start":{"line":105,"column":36},"end":{"line":105,"column":48}},"66":{"start":{"line":106,"column":2},"end":{"line":106,"column":46}},"67":{"start":{"line":107,"column":2},"end":{"line":107,"column":88}},"68":{"start":{"line":110,"column":0},"end":{"line":113,"column":1}},"69":{"start":{"line":111,"column":2},"end":{"line":111,"column":49}},"70":{"start":{"line":111,"column":17},"end":{"line":111,"column":35}},"71":{"start":{"line":111,"column":36},"end":{"line":111,"column":48}},"72":{"start":{"line":112,"column":2},"end":{"line":112,"column":85}},"73":{"start":{"line":115,"column":0},"end":{"line":118,"column":1}},"74":{"start":{"line":116,"column":2},"end":{"line":116,"column":49}},"75":{"start":{"line":116,"column":17},"end":{"line":116,"column":35}},"76":{"start":{"line":116,"column":36},"end":{"line":116,"column":48}},"77":{"start":{"line":117,"column":2},"end":{"line":117,"column":76}},"78":{"start":{"line":120,"column":0},"end":{"line":124,"column":1}},"79":{"start":{"line":121,"column":2},"end":{"line":121,"column":49}},"80":{"start":{"line":121,"column":17},"end":{"line":121,"column":35}},"81":{"start":{"line":121,"column":36},"end":{"line":121,"column":48}},"82":{"start":{"line":122,"column":2},"end":{"line":122,"column":46}},"83":{"start":{"line":123,"column":2},"end":{"line":123,"column":96}},"84":{"start":{"line":126,"column":0},"end":{"line":130,"column":1}},"85":{"start":{"line":127,"column":2},"end":{"line":127,"column":49}},"86":{"start":{"line":127,"column":17},"end":{"line":127,"column":35}},"87":{"start":{"line":127,"column":36},"end":{"line":127,"column":48}},"88":{"start":{"line":128,"column":2},"end":{"line":128,"column":46}},"89":{"start":{"line":129,"column":2},"end":{"line":129,"column":98}},"90":{"start":{"line":134,"column":0},"end":{"line":134,"column":54}},"91":{"start":{"line":134,"column":29},"end":{"line":134,"column":52}},"92":{"start":{"line":136,"column":0},"end":{"line":140,"column":1}},"93":{"start":{"line":137,"column":2},"end":{"line":137,"column":50}},"94":{"start":{"line":137,"column":17},"end":{"line":137,"column":35}},"95":{"start":{"line":137,"column":36},"end":{"line":137,"column":48}},"96":{"start":{"line":138,"column":2},"end":{"line":138,"column":46}},"97":{"start":{"line":139,"column":2},"end":{"line":139,"column":86}},"98":{"start":{"line":142,"column":0},"end":{"line":146,"column":1}},"99":{"start":{"line":143,"column":2},"end":{"line":143,"column":50}},"100":{"start":{"line":143,"column":17},"end":{"line":143,"column":35}},"101":{"start":{"line":143,"column":36},"end":{"line":143,"column":48}},"102":{"start":{"line":144,"column":2},"end":{"line":144,"column":46}},"103":{"start":{"line":145,"column":2},"end":{"line":145,"column":79}},"104":{"start":{"line":148,"column":0},"end":{"line":152,"column":1}},"105":{"start":{"line":149,"column":2},"end":{"line":149,"column":50}},"106":{"start":{"line":149,"column":17},"end":{"line":149,"column":35}},"107":{"start":{"line":149,"column":36},"end":{"line":149,"column":48}},"108":{"start":{"line":150,"column":2},"end":{"line":150,"column":46}},"109":{"start":{"line":151,"column":2},"end":{"line":151,"column":76}},"110":{"start":{"line":154,"column":0},"end":{"line":157,"column":1}},"111":{"start":{"line":155,"column":2},"end":{"line":155,"column":50}},"112":{"start":{"line":155,"column":17},"end":{"line":155,"column":35}},"113":{"start":{"line":155,"column":36},"end":{"line":155,"column":48}},"114":{"start":{"line":156,"column":2},"end":{"line":156,"column":70}},"115":{"start":{"line":159,"column":0},"end":{"line":163,"column":1}},"116":{"start":{"line":160,"column":2},"end":{"line":160,"column":50}},"117":{"start":{"line":160,"column":17},"end":{"line":160,"column":35}},"118":{"start":{"line":160,"column":36},"end":{"line":160,"column":48}},"119":{"start":{"line":161,"column":2},"end":{"line":161,"column":46}},"120":{"start":{"line":162,"column":2},"end":{"line":162,"column":81}},"121":{"start":{"line":165,"column":0},"end":{"line":169,"column":1}},"122":{"start":{"line":166,"column":2},"end":{"line":166,"column":50}},"123":{"start":{"line":166,"column":17},"end":{"line":166,"column":35}},"124":{"start":{"line":166,"column":36},"end":{"line":166,"column":48}},"125":{"start":{"line":167,"column":2},"end":{"line":167,"column":46}},"126":{"start":{"line":168,"column":2},"end":{"line":168,"column":83}},"127":{"start":{"line":174,"column":0},"end":{"line":174,"column":51}},"128":{"start":{"line":174,"column":26},"end":{"line":174,"column":49}},"129":{"start":{"line":177,"column":0},"end":{"line":186,"column":1}},"130":{"start":{"line":179,"column":2},"end":{"line":179,"column":50}},"131":{"start":{"line":179,"column":17},"end":{"line":179,"column":35}},"132":{"start":{"line":179,"column":36},"end":{"line":179,"column":48}},"133":{"start":{"line":181,"column":2},"end":{"line":181,"column":46}},"134":{"start":{"line":182,"column":2},"end":{"line":182,"column":43}},"135":{"start":{"line":184,"column":2},"end":{"line":185,"column":32}},"136":{"start":{"line":188,"column":0},"end":{"line":197,"column":1}},"137":{"start":{"line":190,"column":2},"end":{"line":190,"column":50}},"138":{"start":{"line":190,"column":17},"end":{"line":190,"column":35}},"139":{"start":{"line":190,"column":36},"end":{"line":190,"column":48}},"140":{"start":{"line":192,"column":2},"end":{"line":192,"column":46}},"141":{"start":{"line":193,"column":2},"end":{"line":193,"column":43}},"142":{"start":{"line":195,"column":2},"end":{"line":196,"column":32}},"143":{"start":{"line":199,"column":0},"end":{"line":207,"column":1}},"144":{"start":{"line":201,"column":2},"end":{"line":201,"column":50}},"145":{"start":{"line":201,"column":17},"end":{"line":201,"column":35}},"146":{"start":{"line":201,"column":36},"end":{"line":201,"column":48}},"147":{"start":{"line":203,"column":2},"end":{"line":203,"column":46}},"148":{"start":{"line":205,"column":2},"end":{"line":206,"column":33}},"149":{"start":{"line":209,"column":0},"end":{"line":217,"column":1}},"150":{"start":{"line":211,"column":2},"end":{"line":211,"column":50}},"151":{"start":{"line":211,"column":17},"end":{"line":211,"column":35}},"152":{"start":{"line":211,"column":36},"end":{"line":211,"column":48}},"153":{"start":{"line":213,"column":2},"end":{"line":213,"column":46}},"154":{"start":{"line":215,"column":2},"end":{"line":216,"column":33}},"155":{"start":{"line":219,"column":0},"end":{"line":228,"column":1}},"156":{"start":{"line":221,"column":2},"end":{"line":221,"column":50}},"157":{"start":{"line":221,"column":17},"end":{"line":221,"column":35}},"158":{"start":{"line":221,"column":36},"end":{"line":221,"column":48}},"159":{"start":{"line":223,"column":2},"end":{"line":223,"column":46}},"160":{"start":{"line":224,"column":2},"end":{"line":224,"column":43}},"161":{"start":{"line":226,"column":2},"end":{"line":227,"column":32}},"162":{"start":{"line":230,"column":0},"end":{"line":238,"column":1}},"163":{"start":{"line":232,"column":2},"end":{"line":232,"column":50}},"164":{"start":{"line":232,"column":17},"end":{"line":232,"column":35}},"165":{"start":{"line":232,"column":36},"end":{"line":232,"column":48}},"166":{"start":{"line":234,"column":2},"end":{"line":234,"column":46}},"167":{"start":{"line":236,"column":2},"end":{"line":237,"column":32}},"168":{"start":{"line":240,"column":0},"end":{"line":249,"column":1}},"169":{"start":{"line":242,"column":2},"end":{"line":242,"column":50}},"170":{"start":{"line":242,"column":17},"end":{"line":242,"column":35}},"171":{"start":{"line":242,"column":36},"end":{"line":242,"column":48}},"172":{"start":{"line":244,"column":2},"end":{"line":244,"column":46}},"173":{"start":{"line":245,"column":2},"end":{"line":245,"column":43}},"174":{"start":{"line":247,"column":2},"end":{"line":248,"column":32}},"175":{"start":{"line":251,"column":0},"end":{"line":260,"column":1}},"176":{"start":{"line":253,"column":2},"end":{"line":253,"column":50}},"177":{"start":{"line":253,"column":17},"end":{"line":253,"column":35}},"178":{"start":{"line":253,"column":36},"end":{"line":253,"column":48}},"179":{"start":{"line":255,"column":2},"end":{"line":255,"column":21}},"180":{"start":{"line":256,"column":2},"end":{"line":256,"column":46}},"181":{"start":{"line":258,"column":2},"end":{"line":259,"column":32}},"182":{"start":{"line":262,"column":0},"end":{"line":271,"column":1}},"183":{"start":{"line":264,"column":2},"end":{"line":264,"column":50}},"184":{"start":{"line":264,"column":17},"end":{"line":264,"column":35}},"185":{"start":{"line":264,"column":36},"end":{"line":264,"column":48}},"186":{"start":{"line":266,"column":2},"end":{"line":266,"column":46}},"187":{"start":{"line":267,"column":2},"end":{"line":267,"column":43}},"188":{"start":{"line":269,"column":2},"end":{"line":270,"column":34}},"189":{"start":{"line":273,"column":0},"end":{"line":281,"column":1}},"190":{"start":{"line":274,"column":2},"end":{"line":274,"column":50}},"191":{"start":{"line":274,"column":17},"end":{"line":274,"column":35}},"192":{"start":{"line":274,"column":36},"end":{"line":274,"column":48}},"193":{"start":{"line":276,"column":2},"end":{"line":276,"column":46}},"194":{"start":{"line":277,"column":2},"end":{"line":277,"column":43}},"195":{"start":{"line":279,"column":2},"end":{"line":280,"column":33}},"196":{"start":{"line":283,"column":0},"end":{"line":290,"column":1}},"197":{"start":{"line":284,"column":2},"end":{"line":284,"column":50}},"198":{"start":{"line":284,"column":17},"end":{"line":284,"column":35}},"199":{"start":{"line":284,"column":36},"end":{"line":284,"column":48}},"200":{"start":{"line":286,"column":2},"end":{"line":286,"column":46}},"201":{"start":{"line":288,"column":2},"end":{"line":289,"column":41}},"202":{"start":{"line":292,"column":0},"end":{"line":296,"column":1}},"203":{"start":{"line":294,"column":2},"end":{"line":295,"column":36}},"204":{"start":{"line":300,"column":0},"end":{"line":300,"column":53}},"205":{"start":{"line":300,"column":28},"end":{"line":300,"column":51}},"206":{"start":{"line":302,"column":0},"end":{"line":306,"column":1}},"207":{"start":{"line":304,"column":2},"end":{"line":304,"column":50}},"208":{"start":{"line":304,"column":17},"end":{"line":304,"column":35}},"209":{"start":{"line":304,"column":36},"end":{"line":304,"column":48}},"210":{"start":{"line":305,"column":2},"end":{"line":305,"column":66}},"211":{"start":{"line":309,"column":0},"end":{"line":309,"column":53}},"212":{"start":{"line":309,"column":28},"end":{"line":309,"column":51}},"213":{"start":{"line":312,"column":0},"end":{"line":316,"column":1}},"214":{"start":{"line":314,"column":2},"end":{"line":315,"column":28}},"215":{"start":{"line":318,"column":0},"end":{"line":323,"column":1}},"216":{"start":{"line":319,"column":2},"end":{"line":319,"column":39}},"217":{"start":{"line":321,"column":2},"end":{"line":322,"column":28}}},"branchMap":{"1":{"line":15,"type":"binary-expr","locations":[{"start":{"line":15,"column":13},"end":{"line":15,"column":19}},{"start":{"line":15,"column":23},"end":{"line":15,"column":25}}]},"2":{"line":16,"type":"binary-expr","locations":[{"start":{"line":16,"column":14},"end":{"line":16,"column":21}},{"start":{"line":16,"column":25},"end":{"line":16,"column":27}}]},"3":{"line":20,"type":"if","locations":[{"start":{"line":20,"column":4},"end":{"line":20,"column":4}},{"start":{"line":20,"column":4},"end":{"line":20,"column":4}}]},"4":{"line":20,"type":"binary-expr","locations":[{"start":{"line":20,"column":7},"end":{"line":20,"column":11}},{"start":{"line":20,"column":15},"end":{"line":20,"column":39}}]},"5":{"line":30,"type":"if","locations":[{"start":{"line":30,"column":6},"end":{"line":30,"column":6}},{"start":{"line":30,"column":6},"end":{"line":30,"column":6}}]},"6":{"line":31,"type":"if","locations":[{"start":{"line":31,"column":6},"end":{"line":31,"column":6}},{"start":{"line":31,"column":6},"end":{"line":31,"column":6}}]},"7":{"line":99,"type":"if","locations":[{"start":{"line":99,"column":2},"end":{"line":99,"column":2}},{"start":{"line":99,"column":2},"end":{"line":99,"column":2}}]},"8":{"line":105,"type":"if","locations":[{"start":{"line":105,"column":2},"end":{"line":105,"column":2}},{"start":{"line":105,"column":2},"end":{"line":105,"column":2}}]},"9":{"line":111,"type":"if","locations":[{"start":{"line":111,"column":2},"end":{"line":111,"column":2}},{"start":{"line":111,"column":2},"end":{"line":111,"column":2}}]},"10":{"line":116,"type":"if","locations":[{"start":{"line":116,"column":2},"end":{"line":116,"column":2}},{"start":{"line":116,"column":2},"end":{"line":116,"column":2}}]},"11":{"line":121,"type":"if","locations":[{"start":{"line":121,"column":2},"end":{"line":121,"column":2}},{"start":{"line":121,"column":2},"end":{"line":121,"column":2}}]},"12":{"line":127,"type":"if","locations":[{"start":{"line":127,"column":2},"end":{"line":127,"column":2}},{"start":{"line":127,"column":2},"end":{"line":127,"column":2}}]},"13":{"line":137,"type":"if","locations":[{"start":{"line":137,"column":2},"end":{"line":137,"column":2}},{"start":{"line":137,"column":2},"end":{"line":137,"column":2}}]},"14":{"line":143,"type":"if","locations":[{"start":{"line":143,"column":2},"end":{"line":143,"column":2}},{"start":{"line":143,"column":2},"end":{"line":143,"column":2}}]},"15":{"line":149,"type":"if","locations":[{"start":{"line":149,"column":2},"end":{"line":149,"column":2}},{"start":{"line":149,"column":2},"end":{"line":149,"column":2}}]},"16":{"line":155,"type":"if","locations":[{"start":{"line":155,"column":2},"end":{"line":155,"column":2}},{"start":{"line":155,"column":2},"end":{"line":155,"column":2}}]},"17":{"line":160,"type":"if","locations":[{"start":{"line":160,"column":2},"end":{"line":160,"column":2}},{"start":{"line":160,"column":2},"end":{"line":160,"column":2}}]},"18":{"line":166,"type":"if","locations":[{"start":{"line":166,"column":2},"end":{"line":166,"column":2}},{"start":{"line":166,"column":2},"end":{"line":166,"column":2}}]},"19":{"line":179,"type":"if","locations":[{"start":{"line":179,"column":2},"end":{"line":179,"column":2}},{"start":{"line":179,"column":2},"end":{"line":179,"column":2}}]},"20":{"line":190,"type":"if","locations":[{"start":{"line":190,"column":2},"end":{"line":190,"column":2}},{"start":{"line":190,"column":2},"end":{"line":190,"column":2}}]},"21":{"line":201,"type":"if","locations":[{"start":{"line":201,"column":2},"end":{"line":201,"column":2}},{"start":{"line":201,"column":2},"end":{"line":201,"column":2}}]},"22":{"line":211,"type":"if","locations":[{"start":{"line":211,"column":2},"end":{"line":211,"column":2}},{"start":{"line":211,"column":2},"end":{"line":211,"column":2}}]},"23":{"line":221,"type":"if","locations":[{"start":{"line":221,"column":2},"end":{"line":221,"column":2}},{"start":{"line":221,"column":2},"end":{"line":221,"column":2}}]},"24":{"line":232,"type":"if","locations":[{"start":{"line":232,"column":2},"end":{"line":232,"column":2}},{"start":{"line":232,"column":2},"end":{"line":232,"column":2}}]},"25":{"line":242,"type":"if","locations":[{"start":{"line":242,"column":2},"end":{"line":242,"column":2}},{"start":{"line":242,"column":2},"end":{"line":242,"column":2}}]},"26":{"line":253,"type":"if","locations":[{"start":{"line":253,"column":2},"end":{"line":253,"column":2}},{"start":{"line":253,"column":2},"end":{"line":253,"column":2}}]},"27":{"line":264,"type":"if","locations":[{"start":{"line":264,"column":2},"end":{"line":264,"column":2}},{"start":{"line":264,"column":2},"end":{"line":264,"column":2}}]},"28":{"line":274,"type":"if","locations":[{"start":{"line":274,"column":2},"end":{"line":274,"column":2}},{"start":{"line":274,"column":2},"end":{"line":274,"column":2}}]},"29":{"line":284,"type":"if","locations":[{"start":{"line":284,"column":2},"end":{"line":284,"column":2}},{"start":{"line":284,"column":2},"end":{"line":284,"column":2}}]},"30":{"line":304,"type":"if","locations":[{"start":{"line":304,"column":2},"end":{"line":304,"column":2}},{"start":{"line":304,"column":2},"end":{"line":304,"column":2}}]}},"code":["module.exports = function(access_token) {","  return new GoogleCalendar(access_token);","}","module.exports.GoogleCalendar = GoogleCalendar;","","var util   = require('util');","var needle = require('needle');","","function GoogleCalendar(access_token){","  ","  this.request  = function(type, path, params, options, body, callback) {  ","    ","    var url = 'https://www.googleapis.com/calendar/v3'+path+'?access_token='+access_token;","    ","    params = params || {}","    options = options || {}","    options.json = true;","    ","    type = type.toUpperCase();","    if(body && typeof body !== 'string') body = JSON.stringify(body);","    ","    ","    for(var k in params){","      url += '&'+encodeURIComponent(k)+'='+ encodeURIComponent(params[k]);","    }","    ","    needle.request(type, url, body, options, responseHandler);","    ","    function responseHandler(error, response, body) {","      if(error) return callback(error, body);","      if(body.error) return callback(body.error, null);","      return callback(null, body);","    }","  };","  ","  this.acl      = new Acl(this.request);","  this.calendarList = new CalendarList(this.request);","  this.calendars = new Calendars(this.request);","  this.events   = new Events(this.request);","  this.freebusy = new Freebusy(this.request);","  this.settings = new Settings(this.request);","}","","// Acl","function Acl(request){ this.request = request; }","","Acl.prototype.delete = function(calendarId, ruleId, callback) {","  calendarId = encodeURIComponent(calendarId);","  ruleId     = encodeURIComponent(ruleId);","","  this.request('DEL', '/calendars/' + calendarId + '/acl/' + ruleId, ","    {}, {}, null, callback);","}","","Acl.prototype.get = function(calendarId, ruleId, callback) {","  calendarId = encodeURIComponent(calendarId);","  ruleId     = encodeURIComponent(ruleId);","","  this.request('GET', '/calendars/' + calendarId + '/acl/' + ruleId, ","    {}, {}, null, callback);","}","","Acl.prototype.insert = function(calendarId, acl, callback) {","  calendarId = encodeURIComponent(calendarId);","","  this.request('POST', '/calendars/' + calendarId + '/acl', ","    {}, {}, acl, callback);","}","","Acl.prototype.list = function(calendarId, callback) {","  calendarId = encodeURIComponent(calendarId);","","  this.request('GET', '/calendars/' + calendarId + '/acl', ","    {}, {}, null, callback);","}","","Acl.prototype.update = function(calendarId, ruleId, acl, callback) {","  calendarId = encodeURIComponent(calendarId);","  ruleId     = encodeURIComponent(ruleId);","  ","  this.request('PUT', '/calendars/' + calendarId + '/acl/' + ruleId, ","    {}, {}, acl, callback);","}","","Acl.prototype.patch = function(calendarId, ruleId, acl, callback) {","  calendarId = encodeURIComponent(calendarId);","  ruleId     = encodeURIComponent(ruleId);","  ","  this.request('PATCH', '/calendars/' + calendarId + '/acl/' + ruleId, ","    {}, {}, acl, callback);","}","","","","// CalendarList","function CalendarList(request){ this.request = request; }",
[...]
oken';","  var content = {","    refresh_token: config.refresh_token,","    client_id:     config.consumer_key,","    client_secret: config.consumer_secret,","    grant_type:'refresh_token',","  }","  ","  needle.post(url, content, function(err, resp, body) {","    if(resp.statusCode != 200){","      return callback(body, null, null);","    }  ","    ","    return callback(null, body.access_token, new Date().getTime() + (body.expires_in-3) * 1000);","  })","}","","describe('google_calendar.calendarList',function() {","  ","  var gcal = null;","  before(function(done) {    ","    getAccessToken(function(err, access_token) {","      if(err) return done(err);","      gcal = google_calendar(access_token);","      done();","    })","  })","  ","  describe('#list()',function() {","    ","    it('return the calendar list' , function(done){","","      gcal.calendarList.list(function(err, result) {","","        should.not.exist(err);","        should.exist(result);","        should.exist(result.items);","        should.exist(result.items.length);","        done();","      })","    })","","    it('return the calendar list with parameters' , function(done){","","      gcal.calendarList.list({maxResults:1}, function(err, result) {","","        should.not.exist(err);","        should.exist(result);","        should.exist(result.items);","        should.exist(result.items.length);","        result.items.should.have.length(1);","        done();","      })","    })","  })","","})","",""],"l":{"1":2,"2":2,"3":2,"4":0,"5":0,"7":0,"10":1,"12":0,"13":0,"20":0,"21":0,"22":0,"25":0,"29":0,"31":0,"32":0,"33":0,"34":0,"35":0,"36":0,"40":0,"42":0,"44":0,"46":0,"47":0,"48":0,"49":0,"50":0,"54":0,"56":0,"58":0,"59":0,"60":0,"61":0,"62":0,"63":0}},"/home/travis/build/npmtest/node-npmtest-google-calendar/node_modules/google-calendar/specs/event.spec.js":{"path":"/home/travis/build/npmtest/node-npmtest-google-calendar/node_modules/google-calendar/specs/event.spec.js","s":{"1":2,"2":2,"3":2,"4":0,"5":0,"6":0,"7":1,"8":0,"9":0,"10":0,"11":0,"12":0,"13":0,"14":0,"15":0,"16":0,"17":0,"18":0,"19":0,"20":0,"21":0,"22":0,"23":0,"24":0,"25":0,"26":0,"27":0,"28":0,"29":0,"30":0,"31":0,"32":0,"33":0,"34":0,"35":0,"36":0,"37":0,"38":0,"39":0,"40":0,"41":0,"42":0,"43":0,"44":0,"45":0,"46":0,"47":0,"48":0,"49":0,"50":0,"51":0,"52":0,"53":0,"54":0,"55":0,"56":0,"57":0,"58":0,"59":0,"60":0,"61":0,"62":0,"63":0,"64":0,"65":0},"b":{"1":[0,0],"2":[0,0],"3":[0,0],"4":[0,0]},"f":{"1":0,"2":0,"3":0,"4":0,"5":0,"6":0,"7":0,"8":0,"9":0,"10":0,"11":0,"12":0,"13":0,"14":0,"15":0,"16":0,"17":0,"18":0,"19":0,"20":0,"21":0,"22":0},"fnMap":{"1":{"name":"getAccessToken","line":10,"loc":{"start":{"line":10,"column":0},"end":{"line":10,"column":33}}},"2":{"name":"(anonymous_2)","line":20,"loc":{"start":{"line":20,"column":28},"end":{"line":20,"column":54}}},"3":{"name":"(anonymous_3)","line":29,"loc":{"start":{"line":29,"column":34},"end":{"line":29,"column":45}}},"4":{"name":"(anonymous_4)","line":34,"loc":{"start":{"line":34,"column":9},"end":{"line":34,"column":24}}},"5":{"name":"(anonymous_5)","line":35,"loc":{"start":{"line":35,"column":19},"end":{"line":35,"column":47}}},"6":{"name":"(anonymous_6)","line":38,"loc":{"start":{"line":38,"column":46},"end":{"line":38,"column":68}}},"7":{"name":"(anonymous_7)","line":49,"loc":{"start":{"line":49,"column":8},"end":{"line":49,"column":23}}},"8":{"name":"(anonymous_8)","line":50,"loc":{"start":{"line":50,"column":39},"end":{"line":50,"column":61}}},"9":{"name":"(anonymous_9)","line":55,"loc":{"start":{"line":55,"column":21},"end":{"line":55,"column":32}}},"10":{"name":"(anonymous_10)","line":57,"loc":{"start":{"line":57,"column":34},"end":{"line":57,"column":48}}},"11":{"name":"(anonymous_11)","line":58,"loc":{"start":{"line":58,"column":36},"end":{"line":58,"column":58}}},"12":{"name":"(anonymous_12)","line":68,"loc":{"start":{"line":68,"column":64},"end":{"line":68,"column":78}}},"13":{"name":"(anonymous_13)","line":69,"loc":{"start":{"line":69,"column":76},"end":{"line":69,"column":98}}},"14":{"name":"(anonymous_14)","line":80,"loc":{"start":{"line":80,"column":23},"end":{"line":80,"column":34}}},"15":{"name":"(anonymous_15)","line":87,"loc":{"start":{"line":87,"column":27},"end":{"line":87,"column":41}}},"16":{"name":"(anonymous_16)","line":88,"loc":{"start":{"line":88,"column":45},"end":{"line":88,"column":67}}},"17":{"name":"(anonymous_17)","line":100,"loc":{"start":{"line":100,"column":22},"end":{"line":100,"column":33}}},"18":{"name":"(anonymous_18)","line":102,"loc":{"start":{"line":102,"column":21},"end":{"line":102,"column":35}}},"19":{"name":"(anonymous_19)","line":110,"loc":{"start":{"line":110,"column":52},"end":{"line":110,"column":74}}},"20":{"name":"(anonymous_20)","line":126,"loc":{"start":{"line":126,"column":26},"end":{"line":126,"column":37}}},"21":{"name":"(anonymous_21)","line":128,"loc":{"start":{"line":128,"column":21},"end":{"line":128,"column":35}}},"22":{"name":"(anonymous_22)","line":135,"loc":{"start":{"line":135,"column":42},"end":{"line":135,"column":64}}}},"statementMap":{"1":{"start":{"line":1,"column":0},"end":{"line":1,"column":63}},"2":{"start":{"line":2,"column":0},"end":{"line":2,"column":29}},"3":{"start":{"line":3,"column":0},"end":{"line":3,"column":31}},"4":{"start":{"line":4,"column":0},"end":{"line":4,"column":30}},"5":{"start":{"line":5,"column":0},"end":{"line":5,"column":31}},"6":{"start":{"line":7,"column":0},"end":{"line":7,"column":68}},"7":{"start":{"line":10,"column":0},"end":{"line":27,"column":1}},"8":{"start":{"line":12,"column":2},"end":{"line":12,"column":57}},"9":{"start":{"line":13,"column":2},"end":{"line":18,"column":3}},"10":{"start":{"line":20,"column":2},"end":{"line":26,"column":4}},"11":{"start":{"line":21,"column":4},"end":{"line":23,"column":5}},"12":{"start":{"line":22,"column":6},"end":{"line":22,"column":40}},"13":{"start":{"line":25,"column":4},"end":{"line":25,"column":96}},"14":{"start":{"line":29,"column":0},"end":{"line":151,"column":2}},"15":{"start":{"line":31,"column":2},"end":{"line":31,"column":18}},"16":{"start":{"line":32,"column":2},"end":{"line":32,"column":25}},"17":{"start":{"line":34,"column":2},"end":{"line":47,"column":4}},"18":{"start":{"line":35,"column":4},"end":{"line":46,"column":6}},"19":{"start":{"line":36,"column":6},"end":{"line":36,"column":31}},"20":{"start":{"line":36,"column":14},"end":{"line":36,"column":31}},"21":{"start":{"line":37,"column":6},"end":{"line":37,"column":43}},"22":{"start":{"line":38,"column":6},"end":{"line":45,"column":8}},"23":{"start":{"line":40,"column":8},"end":{"line":40,"column":30}},"24":{"start":{"line":41,"column":8},"end":{"line":41,"column":29}},"25":{"start":{"line":42,"column":8},"end":{"line":42,"column":31}},"26":{"start":{"line":44,"column":8},"end":{"line":44,"column":15}},"27":{"start":{"line":49,"column":2},"end":{"line":53,"column":4}},"28":{"start":{"line":50,"column":4},"end":{"line":52,"column":6}},"29":{"start":{"line":51,"column":6},"end":{"line":51,"column":13}},"30":{"start":{"line":55,"column":2},"end":{"line":78,"column":4}},"31":{"start":{"line":57,"column":4},"end":{"line":66,"column":6}},"32":{"start":{"line":58,"column":6},"end":{"line":65,"column":8}},"33":{"start":{"line":60,"column":8},"end":{"line":60,"column":30}},"34":{"start":{"line":61,"column":8},"end":{"line":61,"column":29}},"35":{"start":{"line":62,"column":8},"end":{"line":62,"column":35}},"36":{"start":{"line":63,"column":8},"end":{"line":63,"column":42}},"37":{"start":{"line":64,"column":8},"end":{"line":64,"column":14}},"38":{"start":{"line":68,"column":4},"end":{"line":77,"column":6}},"39":{"start":{"line":69,"column":6},"end":{"line":76,"column":8}},"40":{"start":{"line":71,"column":8},"end":{"line":71,"column":30}},"41":{"start":{"line":72,"column":8},"end":{"line":72,"column":29}},"42":{"start":{"line":73,"column":8},"end":{"line":73,"column":35}},"43":{"start":{"line":74,"column":8},"end":{"line":74,"column":42}},"44":{"start":{"line":75,"column":8},"end":{"line":75,"column":14}},"45":{"start":{"line":80,"column":2},"end":{"line":98,"column":4}},"46":{"start":{"line":82,"column":4},"end":{"line":85,"column":5}},"47":{"start":{"line":87,"column":4},"end":{"line":97,"column":6}},"48":{"start":{"line":88,"column":6},"end":{"line":96,"column":8}},"49":{"start":{"line":90,"column":8},"end":{"line":90,"column":30}},"50":{"start":{"line":91,"column":8},"end":{"line":91,"column":29}},"51":{"start":{"line":92,"column":8},"end":{"line":92,"column":32}},"52":{"start":{"line":94,"column":8},"end":{"line":94,"column":51}},"53":{"start":{"line":95,"column":8},"end":{"line":95,"column":14}},"54":{"start":{"line":100,"column":2},"end":{"line":123,"column":4}},"55":{"start":{"line":102,"column":4},"end":{"line":122,"column":6}},"56":{"start":{"line":104,"column":6},"end":{"line":108,"column":9}},"57":{"start":{"line":110,"column":6},"end":{"line":121,"column":8}},"58":{"start":{"line":112,"column":8},"end":{"line":118,"column":9}},"59":{"start":{"line":120,"column":8},"end":{"line":120,"column":14}},"60":{"start":{"line":126,"column":2},"end":{"line":148,"column":4}},"61":{"start":{"line":128,"column":4},"end":{"line":147,"column":6}},"62":{"start":{"line":130,"column":6},"end":{"line":133,"column":7}},"63":{"start":{"line":135,"column":6},"end":{"line":146,"column":8}},"64":{"start":{"line":137,"column":8},"end":{"line":143,"column":9}},"65":{"start":{"line":145,"column":8},"end":{"line":145,"column":14}}},"branchMap":{"1":{"line":21,"type":"if","locations":[{"start":{"line":21,"column":4},"end":{"line":21,"column":4}},{"start":{"line":21,"column":4},"end":{"line":21,"column":4}}]},"2":{"line":36,"type":"if","locations":[{"start":{"line":36,"column":6},"end":{"line":36,"column":6}},{"start":{"line":36,"column":6},"end":{"line":36,"column":6}}]},"3":{"line":112,"type":"if","locations":[{"start":{"line":112,"column":8},"end":{"line":112,"column":8}},{"start":{"line":112,"column":8},"end":{"line":112,"column":8}}]},"4":{"line":137,"type":"if","locations":[{"start":{"line":137,"column":8},"end":{"line":137,"column":8}},{"start":{"line":137,"column":8},"end":{"line":137,"column":8}}]}},"code":["var config = global.config = require(__dirname + '/config.js');","var util   = require('util');","var should = require('should');","var async  = require('async');","var needle = require('needle');","","var google_calendar   = require(__dirname +'/../GoogleCalendar.js');","","","function getAccessToken(callback){","  ","  var url = 'https://accounts.google.com/o/oauth2/token';","  var content = {","    refresh_token: config.refresh_token,","    client_id:     config.consumer_key,","    client_secret: config.consumer_secret,","    grant_type:'refresh_token',","  }","  ","  needle.post(url, content, function(err, resp, body) {","    if(resp.statusCode != 200){","      return callback(body, null, null);","    }  ","    ","    return callback(null, body.access_token, new Date().getTime() + (body.expires_in-3) * 1000);","  })","}","","describe('google_calendar.events',function() {","  ","  var gcal = null;","  var calendar_id = null;","","  before(function(done) {    ","    getAccessToken(function(err, access_token) {","      if(err) return done(err);","      gcal = google_calendar(access_token);","      gcal.calendars.insert({summary:'Test'}, function(err, result) {","","        should.not.exist(err);","        should.exist(result);","        calendar_id = result.id","        ","        done();","      })","    })","  })","","  after(function(done) {","    gcal.calendars.delete(calendar_id, function(err, result) {","      done();","    })","  })","","  describe('#list()',function() {","    ","    it('return the events list' , function(done){","      gcal.events.list(calendar_id, function(err, result) {","","        should.not.exist(err);","        should.exist(result);","        should.exist(result.items);","        should.exist(result.items.length);","        done()","      })","    })","","    it('return the events list according to the query option' , function(done){","      gcal.events.list(calendar_id, { orderBy : 'updated', maxResults: 1 }, function(err, result) {","","        should.not.exist(err);","        should.exist(result);","        should.exist(result.items);","        should.exist(result.items.length);","        done()","      })","    })","  }) ","  ","  describe('#insert()',function() {","    ","    var event = { summary:'Hello World' , ","      start: { dateTime: new Date().toISOString() }, ","      end: { dateTime: new Date().toISOString() } ","    } ","","    it('return an event' , function(done){","      gcal.events.insert(calendar_id, event, function(err, result) {","","        should.not.exist(err);","        should.exist(result);","        should.exist(result.id);","","        result.summary.should.equal(event.summary);","        done()","      })","    })","  }) ","","  describe('#watch()',function() {","    ","    it('available' , function(done){","","      var watch_request = { ","          \"id\"     : \"01234567-89ab-cdef-0123456789ab\", ","          \"type\"   : \"web_hook\",","          \"address\": \"https://wanasit.github.io/notifications\", ","        }","","      gcal.events.watch(calendar_id, watch_request, function(err, result) {","","        if(err) { ","          //No tesing at this point ","          //console.log(err)  ","        } else {","          //No tesing at this point ","          //console.log(result) ","        }","        ","        done()","      })","    })","  }) ","","","  describe('#stopWatch()',function() {","    ","    it('available' , function(done){","","      var stop_request = {","        \"id\": \"4ba78bf0-6a47-11e2-bcfd-0800200c9a66\",","        \"resourceId\": \"ret08u3rv24htgh289g\"","      }","","      gcal.events.stopWatch(stop_request, function(err, result) {","","        if(err) { ","          //No tesing at this point ","          //console.log(err)  ","        } else {","          //No tesing at this point ","          //console.log(result) ","        }","        ","        done()","      })","    })","  }) ","  ","","})","",""],"l":{"1":2,"2":2,"3":2,"4":0,"5":0,"7":0,"10":1,"12":0,"13":0,"20":0,"21":0,"22":0,"25":0,"29":0,"31":0,"32":0,"34":0,"35":0,"36":0,"37":0,"38":0,"40":0,"41":0,"42":0,"44":0,"49":0,"50":0,"51":0,"55":0,"57":0,"58":0,"60":0,"61":0,"62":0,"63":0,"64":0,"68":0,"69":0,"71":0,"72":0,"73":0,"74":0,"75":0,"80":0,"82":0,"87":0,"88":0,"90":0,"91":0,"92":0,"94":0,"95":0,"100":0,"102":0,"104":0,"110":0,"112":0,"120":0,"126":0,"128":0,"130":0,"135":0,"137":0,"145":0}},"/home/travis/build/npmtest/node-npmtest-google-calendar/node_modules/google-calendar/specs/setting.spec.js":{"path":"/home/travis/build/npmtest/node-npmtest-google-calendar/node_modules/google-calendar/specs/setting.spec.js","s":{"1":2,"2":2,"3":2,"4":0,"5":0,"6":0,"7":1,"8":0,"9":0,"10":0,"11":0,"12":0,"13":0,"14":0,"15":0,"16":0,"17":0,"18":0,"19":0,"20":0,"21":0,"22":0,"23":0,"24":0,"25":0,"26":0,"27":0,"28":0,"29":0},"b":{"1":[0,0],"2":[0,0]},"f":{"1":0,"2":0,"3":0,"4":0,"5":0,"6":0,"7":0,"8":0},"fnMap":{"1":{"name":"getAccessToken","line":10,"loc":{"start":{"line":10,"column":0},"end":{"line":10,"column":33}}},"2":{"name":"(anonymous_2)","line":20,"loc":{"start":{"line":20,"column":28},"end":{"line":20,"column":54}}},"3":{"name":"(anonymous_3)","line":29,"loc":{"start":{"line":29,"column":35},"end":{"line":29,"column":46}}},"4":{"name":"(anonymous_4)","line":32,"loc":{"start":{"line":32,"column":9},"end":{"line":32,"column":24}}},"5":{"name":"(anonymous_5)","line":33,"loc":{"start":{"line":33,"column":19},"end":{"line":33,"column":47}}},"6":{"name":"(anonymous_6)","line":40,"loc":{"start":{"line":40,"column":21},"end":{"line":40,"column":32}}},"7":{"name":"(anonymous_7)","line":42,"loc":{"start":{"line":42,"column":36},"end":{"line":42,"column":50}}},"8":{"name":"(anonymous_8)","line":44,"loc":{"start":{"line":44,"column":25},"end":{"line":44,"column":47}}}},"statementMap":{"1":{"start":{"line":1,"column":0},"end":{"line":1,"column":63}},"2":{"start":{"line":2,"column":0},"end":{"line":2,"column":29}},"3":{"start":{"line":3,"column":0},"end":{"line":3,"column":31}},"4":{"start":{"line":4,"column":0},"end":{"line":4,"column":30}},"5":{"start":{"line":5,"column":0},"end":{"line":5,"column":31}},"6":{"start":{"line":7,"column":0},"end":{"line":7,"column":68}},"7":{"start":{"line":10,"column":0},"end":{"line":27,"column":1}},"8":{"start":{"line":12,"column":2},"end":{"line":12,"column":57}},"9":{"start":{"line":13,"column":2},"end":{"line":18,"column":3}},"10":{"start":{"line":20,"column":2},"end":{"line":26,"column":4}},"11":{"start":{"line":21,"column":4},"end":{"line":23,"column":5}},"12":{"start":{"line":22,"column":6},"end":{"line":22,"column":40}},"13":{"start":{"line":25,"column":4},"end":{"line":25,"column":96}},"14":{"start":{"line":29,"column":0},"end":{"line":55,"column":2}},"15":{"start":{"line":31,"column":2},"end":{"line":31,"column":18}},"16":{"start":{"line":32,"column":2},"end":{"line":38,"column":4}},"17":{"start":{"line":33,"column":4},"end":{"line":37,"column":6}},"18":{"start":{"line":34,"column":6},"end":{"line":34,"column":31}},"19":{"start":{"line":34,"column":14},"end":{"line":34,"column":31}},"20":{"start":{"line":35,"column":6},"end":{"line":35,"column":43}},"21":{"start":{"line":36,"column":6},"end":{"line":36,"column":13}},"22":{"start":{"line":40,"column":2},"end":{"line":53,"column":4}},"23":{"start":{"line":42,"column":4},"end":{"line":52,"column":6}},"24":{"start":{"line":44,"column":6},"end":{"line":51,"column":8}},"25":{"start":{"line":46,"column":8},"end":{"line":46,"column":30}},"26":{"start":{"line":47,"column":8},"end":{"line":47,"column":29}},"27":{"start":{"line":48,"column":8},"end":{"line":48,"column":35}},"28":{"start":{"line":49,"column":8},"end":{"line":49,"column":42}},"29":{"start":{"line":50,"column":8},"end":{"line":50,"column":15}}},"branchMap":{"1":{"line":21,"type":"if","locations":[{"start":{"line":21,"column":4},"end":{"line":21,"column":4}},{"start":{"line":21,"column":4},"end":{"line":21,"column":4}}]},"2":{"line":34,"type":"if","locations":[{"start":{"line":34,"column":6},"end":{"line":34,"column":6}},{"start":{"line":34,"column":6},"end":{"line":34,"column":6}}]}},"code":["var config = global.config = require(__dirname + '/config.js');","var util   = require('util');","var should = require('should');","var async  = require('async');","var needle = require('needle');","","var google_calendar   = require(__dirname +'/../GoogleCalendar.js');","","","function getAccessToken(callback){","  ","  var url = 'https://accounts.google.com/o/oauth2/token';","  var content = {","    refresh_token: config.refresh_token,","    client_id:     config.consumer_key,","    client_secret: config.consumer_secret,","    grant_type:'refresh_token',","  }","  ","  needle.post(url, content, function(err, resp, body) {","    if(resp.statusCode != 200){","      return callback(body, null, null);","    }  ","    ","    return callback(null, body.access_token, new Date().getTime() + (body.expires_in-3) * 1000);","  })","}","","describe('google_calendar.setting',function() {","  ","  var gcal = null;","  before(function(done) {    ","    getAccessToken(function(err, access_token) {","      if(err) return done(err);","      gcal = google_calendar(access_token);","      done();","    })","  })","  ","  describe('#list()',function() {","    ","    it('return the calendar list' , function(done){","","      gcal.settings.list(function(err, result) {","        ","        should.not.exist(err);","        should.exist(result);","        should.exist(result.items);","        should.exist(result.items.length);","        done();","      })","    })    ","  })","","})","",""],"l":{"1":2,"2":2,"3":2,"4":0,"5":0,"7":0,"10":1,"12":0,"13":0,"20":0,"21":0,"22":0,"25":0,"29":0,"31":0,"32":0,"33":0,"34":0,"35":0,"36":0,"40":0,"42":0,"44":0,"46":0,"47":0,"48":0,"49":0,"50":0}}}